2022-11-07 19:03:06,177 - chemspax.data_preparation - INFO - Converting substituent files to .xyz format
2022-11-07 19:03:06,194 - chemspax.data_preparation - INFO - Converting substituent files to .mol format
2022-11-07 19:03:06,208 - chemspax.data_preparation - INFO - Converting skeleton files to .xyz format
2022-11-07 19:03:06,220 - chemspax.data_preparation - INFO - Converting skeleton files to .mol format
2022-11-07 19:03:06,227 - chemspax.data_preparation - INFO - Deleting existing csv database
2022-11-07 19:03:06,229 - chemspax.data_preparation - INFO - Creating csv database for substituents
2022-11-07 21:21:46,835 - chemspax.data_preparation - INFO - Converting substituent files to .xyz format
2022-11-07 21:21:46,850 - chemspax.data_preparation - INFO - Converting substituent files to .mol format
2022-11-07 21:21:46,864 - chemspax.data_preparation - INFO - Converting skeleton files to .xyz format
2022-11-07 21:21:46,867 - chemspax.data_preparation - INFO - Converting skeleton files to .mol format
2022-11-07 21:21:46,870 - chemspax.data_preparation - INFO - Deleting existing csv database
2022-11-07 21:21:46,871 - chemspax.data_preparation - INFO - Creating csv database for substituents
2022-11-07 21:33:23,874 - chemspax.data_preparation - INFO - Converting substituent files to .xyz format
2022-11-07 21:33:23,889 - chemspax.data_preparation - INFO - Converting substituent files to .mol format
2022-11-07 21:33:23,902 - chemspax.data_preparation - INFO - Converting skeleton files to .xyz format
2022-11-07 21:33:23,904 - chemspax.data_preparation - INFO - Converting skeleton files to .mol format
2022-11-07 21:33:23,907 - chemspax.data_preparation - INFO - Deleting existing csv database
2022-11-07 21:33:23,908 - chemspax.data_preparation - INFO - Creating csv database for substituents
2022-11-21 14:22:46,328 - __main__ - INFO - Converting substituent files to .xyz format
2022-11-21 14:22:46,352 - __main__ - INFO - Converting substituent files to .mol format
2022-11-21 14:22:46,365 - __main__ - INFO - Converting skeleton files to .xyz format
2022-11-21 14:22:46,373 - __main__ - INFO - Converting skeleton files to .mol format
2022-11-21 14:22:46,376 - __main__ - INFO - Deleting existing csv database
2022-11-21 14:22:46,378 - __main__ - INFO - Creating csv database for substituents
