 
       ==============================================
       |                                            |
       |                 C R E S T                  |
       |                                            |
       |  Conformer-Rotamer Ensemble Sampling Tool  |
       |          based on the GFN methods          |
       |             P.Pracht, S.Grimme             |
       |          Universitaet Bonn, MCTC           |
       ==============================================
       Version 2.12,   Thu 19. Mai 16:32:32 CEST 2022
  Using the xTB program. Compatible with xTB version 6.4.0
 
   Cite work conducted with this code as

   • P.Pracht, F.Bohle, S.Grimme, PCCP, 2020, 22, 7169-7192.
   • S.Grimme, JCTC, 2019, 15, 2847-2862.

   and for works involving QCG as

   • S.Spicher, C.Plett, P.Pracht, A.Hansen, S.Grimme,
     JCTC, 2022, 18 (5), 3174-3189.
 
   with help from:
   C.Bannwarth, F.Bohle, S.Ehlert, S.Grimme,
   C.Plett, P.Pracht, S.Spicher
 
   This program is distributed in the hope that it will be useful,
   but WITHOUT ANY WARRANTY; without even the implied warranty of
   MERCHANTABILITY or FITNESS FOR A PARTICULAR PURPOSE.

 Command line input:
 > crest xtbopt.xyz --gfn2 --T 8 --chrg 0 --uhf 1 --alpb ch2cl2

  -gfn2 : Use of GFN2-xTB requested.
  --T 8 (CPUs/Threads selected)
  --chrg 0
  --uhf 1
  --alpb ch2cl2 : implicit solvation
 
 -------------------------
 xTB Geometry Optimization
 -------------------------
 Geometry successfully optimized.
 
------------------------------------------------
Generating MTD length from a flexibility measure
------------------------------------------------
 Calculating WBOs... done.
 Calculating NCI flexibility... done.
     covalent flexibility measure :   0.185
 non-covalent flexibility measure :   0.626
 flexibility measure :   0.227
 t(MTD) / ps    :    10.0
 Σ(t(MTD)) / ps :   140.0 (14 MTDs)
 
-------------------------------------
Starting a trial MTD to test settings
-------------------------------------
 Estimated runtime for one MTD (10.0 ps) on a single thread: 28 min 13 sec
 Estimated runtime for a batch of 14 MTDs on 8 threads: 56 min 26 sec
 
 list of Vbias parameters applied:
$metadyn    0.00300   1.300
$metadyn    0.00150   1.300
$metadyn    0.00075   1.300
$metadyn    0.00300   0.780
$metadyn    0.00150   0.780
$metadyn    0.00075   0.780
$metadyn    0.00300   0.468
$metadyn    0.00150   0.468
$metadyn    0.00075   0.468
$metadyn    0.00300   0.281
$metadyn    0.00150   0.281
$metadyn    0.00075   0.281
$metadyn    0.00100   0.100
$metadyn    0.00500   0.800
 
*******************************************************************************************
**                        N E W    I T E R A T I O N    C Y C L E                        **
*******************************************************************************************
 
========================================
            MTD Iteration  1
========================================
 
     ========================================
     |         Meta-MD (MTD) Sampling       |
     ========================================
 
Starting Meta-MD   1 with the settings:
     MD time /ps        :    10.0
     dt /fs             :     5.0
     dumpstep(trj) /fs  :     100
     dumpstep(Vbias)/ps :     1.0
     Vbias factor k /Eh :  0.1890
     Vbias exp α /bohr⁻²:    1.30
Starting Meta-MD   2 with the settings:
     MD time /ps        :    10.0
     dt /fs             :     5.0
     dumpstep(trj) /fs  :     100
     dumpstep(Vbias)/ps :     1.0
     Vbias factor k /Eh :  0.0945
     Vbias exp α /bohr⁻²:    1.30
Starting Meta-MD   3 with the settings:
     MD time /ps        :    10.0
     dt /fs             :     5.0
     dumpstep(trj) /fs  :     100
     dumpstep(Vbias)/ps :     1.0
     Vbias factor k /Eh :  0.0473
     Vbias exp α /bohr⁻²:    1.30
Starting Meta-MD   4 with the settings:
     MD time /ps        :    10.0
     dt /fs             :     5.0
     dumpstep(trj) /fs  :     100
     dumpstep(Vbias)/ps :     1.0
     Vbias factor k /Eh :  0.1890
     Vbias exp α /bohr⁻²:    0.78
Starting Meta-MD   5 with the settings:
     MD time /ps        :    10.0
     dt /fs             :     5.0
     dumpstep(trj) /fs  :     100
     dumpstep(Vbias)/ps :     1.0
     Vbias factor k /Eh :  0.0945
     Vbias exp α /bohr⁻²:    0.78
Starting Meta-MD   6 with the settings:
     MD time /ps        :    10.0
     dt /fs             :     5.0
     dumpstep(trj) /fs  :     100
     dumpstep(Vbias)/ps :     1.0
     Vbias factor k /Eh :  0.0473
     Vbias exp α /bohr⁻²:    0.78
Starting Meta-MD  14 with the settings:
     MD time /ps        :    10.0
     dt /fs             :     5.0
     dumpstep(trj) /fs  :     100
     dumpstep(Vbias)/ps :     1.0
     Vbias factor k /Eh :  0.3150
     Vbias exp α /bohr⁻²:    0.80
Starting Meta-MD   7 with the settings:
     MD time /ps        :    10.0
     dt /fs             :     5.0
     dumpstep(trj) /fs  :     100
     dumpstep(Vbias)/ps :     1.0
     Vbias factor k /Eh :  0.1890
     Vbias exp α /bohr⁻²:    0.47
*Meta-MTD 7 finished*
Starting Meta-MD   8 with the settings:
     MD time /ps        :    10.0
     dt /fs             :     5.0
     dumpstep(trj) /fs  :     100
     dumpstep(Vbias)/ps :     1.0
     Vbias factor k /Eh :  0.0945
     Vbias exp α /bohr⁻²:    0.47
*Meta-MTD 2 finished*
Starting Meta-MD   9 with the settings:
     MD time /ps        :    10.0
     dt /fs             :     5.0
     dumpstep(trj) /fs  :     100
     dumpstep(Vbias)/ps :     1.0
     Vbias factor k /Eh :  0.0473
     Vbias exp α /bohr⁻²:    0.47
*Meta-MTD 5 finished*
Starting Meta-MD  10 with the settings:
     MD time /ps        :    10.0
     dt /fs             :     5.0
     dumpstep(trj) /fs  :     100
     dumpstep(Vbias)/ps :     1.0
     Vbias factor k /Eh :  0.1890
     Vbias exp α /bohr⁻²:    0.28
*Meta-MTD 4 finished*
Starting Meta-MD  11 with the settings:
     MD time /ps        :    10.0
     dt /fs             :     5.0
     dumpstep(trj) /fs  :     100
     dumpstep(Vbias)/ps :     1.0
     Vbias factor k /Eh :  0.0945
     Vbias exp α /bohr⁻²:    0.28
*Meta-MTD 6 finished*
Starting Meta-MD  12 with the settings:
     MD time /ps        :    10.0
     dt /fs             :     5.0
     dumpstep(trj) /fs  :     100
     dumpstep(Vbias)/ps :     1.0
     Vbias factor k /Eh :  0.0473
     Vbias exp α /bohr⁻²:    0.28
*Meta-MTD 3 finished*
Starting Meta-MD  13 with the settings:
     MD time /ps        :    10.0
     dt /fs             :     5.0
     dumpstep(trj) /fs  :     100
     dumpstep(Vbias)/ps :     1.0
     Vbias factor k /Eh :  0.0630
     Vbias exp α /bohr⁻²:    0.10
*Meta-MTD 14 finished*
*Meta-MTD 1 finished*
*Meta-MTD 8 finished*
*Meta-MTD 13 finished*
*Meta-MTD 10 finished*
*Meta-MTD 9 finished*
*Meta-MTD 12 finished*
*Meta-MTD 11 finished*
 
-----------------------
Multilevel Optimization
-----------------------
 
 -------------------------
 1. crude pre-optimization
 -------------------------
 Optimizing all 1386 structures from file "crest_rotamers_0.xyz" ...
 1 2 3 4 5 6 7 8 9 10 11 12 13 14 15 16 17 18 19 20 21 22 23 24 25 26 27 28 29 30 31 32 33 34 35 36 37 38 39 40 41 42 43 44 45 46 47 48 49 50 51 52 53 54 55 56 57 58 59 60 61 62 63 64 65 66 67 68 69 70 71 72 73 74 75 76 77 78 79 80 81 82 83 84 85 86 87 88 89 90 91 92 93 94 95 96 97 98 99 100 101 102 103 104 105 106 107 108 109 110 111 112 113 114 115 116 117 118 119 120 121 122 123 124 125 126 127 128 129 130 131 132 133 134 135 136 137 138 139 140 141 142 143 144 145 146 147 148 149 150 151 152 153 154 155 156 157 158 159 160 161 162 163 164 165 166 167 168 169 170 171 172 173 174 175 176 177 178 179 180 181 182 183 184 185 186 187 188 189 190 191 192 193 194 195 196 197 198 199 200 201 202 203 204 205 206 207 208 209 210 211 212 213 214 215 216 217 218 219 220 221 222 223 224 225 226 227 228 229 230 231 232 233 234 235 236 237 238 239 240 241 242 243 244 245 246 247 248 249 250 251 252 253 254 255 256 257 258 259 260 261 262 263 264 265 266 267 268 269 270 271 272 273 274 275 276 277 278 279 280 281 282 283 284 285 286 287 288 289 290 291 292 293 294 295 296 297 298 299 300 301 302 303 304 305 306 307 308 309 310 311 312 313 314 315 316 317 318 319 320 321 322 323 324 325 326 327 328 329 330 331 332 333 334 335 336 337 338 339 340 341 342 343 344 345 346 347 348 349 350 351 352 353 354 355 356 357 358 359 360 361 362 363 364 365 366 367 368 369 370 371 372 373 374 375 376 377 378 379 380 381 382 383 384 385 386 387 388 389 390 391 392 393 394 395 396 397 398 399 400 401 402 403 404 405 406 407 408 409 410 411 412 413 414 415 416 417 418 419 420 421 422 423 424 425 426 427 428 429 430 431 432 433 434 435 436 437 438 439 440 441 442 443 444 445 446 447 448 449 450 451 452 453 454 455 456 457 458 459 460 461 462 463 464 465 466 467 468 469 470 471 472 473 474 475 476 477 478 479 480 481 482 483 484 485 486 487 488 489 490 491 492 493 494 495 496 497 498 499 500 501 502 503 504 505 506 507 508 509 510 511 512 513 514 515 516 517 518 519 520 521 522 523 524 525 526 527 528 529 530 531 532 533 534 535 536 537 538 539 540 541 542 543 544 545 546 547 548 549 550 551 552 553 554 555 556 557 558 559 560 561 562 563 564 565 566 567 568 569 570 571 572 573 574 575 576 577 578 579 580 581 582 583 584 585 586 587 588 589 590 591 592 593 594 595 596 597 598 599 600 601 602 603 604 605 606 607 608 609 610 611 612 613 614 615 616 617 618 619 620 621 622 623 624 625 626 627 628 629 630 631 632 633 634 635 636 637 638 639 640 641 642 643 644 645 646 647 648 649 650 651 652 653 654 655 656 657 658 659 660 661 662 663 664 665 666 667 668 669 670 671 672 673 674 675 676 677 678 679 680 681 682 683 684 685 686 687 688 689 690 691 692 693 694 695 696 697 698 699 700 701 702 703 704 705 706 707 708 709 710 711 712 713 714 715 716 717 718 719 720 721 722 723 724 725 726 727 728 729 730 731 732 733 734 735 736 737 738 739 740 741 742 743 744 745 746 747 748 749 750 751 752 753 754 755 756 757 758 759 760 761 762 763 764 765 766 767 768 769 770 771 772 773 774 775 776 777 778 779 780 781 782 783 784 785 786 787 788 789 790 791 792 793 794 795 796 797 798 799 800 801 802 803 804 805 806 807 808 809 810 811 812 813 814 815 816 817 818 819 820 821 822 823 824 825 826 827 828 829 830 831 832 833 834 835 836 837 838 839 840 841 842 843 844 845 846 847 848 849 850 851 852 853 854 855 856 857 858 859 860 861 862 863 864 865 866 867 868 869 870 871 872 873 874 875 876 877 878 879 880 881 882 883 884 885 886 887 888 889 890 891 892 893 894 895 896 897 898 899 900 901 902 903 904 905 906 907 908 909 910 911 912 913 914 915 916 917 918 919 920 921 922 923 924 925 926 927 928 929 930 931 932 933 934 935 936 937 938 939 940 941 942 943 944 945 946 947 948 949 950 951 952 953 954 955 956 957 958 959 960 961 962 963 964 965 966 967 968 969 970 971 972 973 974 975 976 977 978 979 980 981 982 983 984 985 986 987 988 989 990 991 992 993 994 995 996 997 998 999 1000 1001 1002 1003 1004 1005 1006 1007 1008 1009 1010 1011 1012 1013 1014 1015 1016 1017 1018 1019 1020 1021 1022 1023 1024 1025 1026 1027 1028 1029 1030 1031 1032 1033 1034 1035 1036 1037 1038 1039 1040 1041 1042 1043 1044 1045 1046 1047 1048 1049 1050 1051 1052 1053 1054 1055 1056 1057 1058 1059 1060 1061 1062 1063 1064 1065 1066 1067 1068 1069 1070 1071 1072 1073 1074 1075 1076 1077 1078 1079 1080 1081 1082 1083 1084 1085 1086 1087 1088 1089 1090 1091 1092 1093 1094 1095 1096 1097 1098 1099 1100 1101 1102 1103 1104 1105 1106 1107 1108 1109 1110 1111 1112 1113 1114 1115 1116 1117 1118 1119 1120 1121 1122 1123 1124 1125 1126 1127 1128 1129 1130 1131 1132 1133 1134 1135 1136 1137 1138 1139 1140 1141 1142 1143 1144 1145 1146 1147 1148 1149 1150 1151 1152 1153 1154 1155 1156 1157 1158 1159 1160 1161 1162 1163 1164 1165 1166 1167 1168 1169 1170 1171 1172 1173 1174 1175 1176 1177 1178 1179 1180 1181 1182 1183 1184 1185 1186 1187 1188 1189 1190 1191 1192 1193 1194 1195 1196 1197 1198 1199 1200 1201 1202 1203 1204 1205 1206 1207 1208 1209 1210 1211 1212 1213 1214 1215 1216 1217 1218 1219 1220 1221 1222 1223 1224 1225 1226 1227 1228 1229 1230 1231 1232 1233 1234 1235 1236 1237 1238 1239 1240 1241 1242 1243 1244 1245 1246 1247 1248 1249 1250 1251 1252 1253 1254 1255 1256 1257 1258 1259 1260 1261 1262 1263 1264 1265 1266 1267 1268 1269 1270 1271 1272 1273 1274 1275 1276 1277 1278 1279 1280 1281 1282 1283 1284 1285 1286 1287 1288 1289 1290 1291 1292 1293 1294 1295 1296 1297 1298 1299 1300 1301 1302 1303 1304 1305 1306 1307 1308 1309 1310 1311 1312 1313 1314 1315 1316 1317 1318 1319 1320 1321 1322 1323 1324 1325 1326 1327 1328 1329 1330 1331 1332 1333 1334 1335 1336 1337 1338 1339 1340 1341 1342 1343 1344 1345 1346 1347 1348 1349 1350 1351 1352 1353 1354 1355 1356 1357 1358 1359 1360 1361 1362 1363 1364 1365 1366 1367 1368 1369 1370 1371 1372 1373 1374 1375 1376 1377 1378 1379 1380 1381 1382 1383 1384 1385 1386
 done.
 running RMSDs...
 done.
 E lowest :   -92.83240
 506 structures remain within    12.00 kcal/mol window
 
 -------------------------------------
 2. optimization with tight thresholds
 -------------------------------------
 Optimizing all 507 structures from file "crest_rotamers_1.xyz" ...
 1 2 3 4 5 6 7 8 9 10 11 12 13 14 15 16 17 18 19 20 21 22 23 24 25 26 27 28 29 30 31 32 33 34 35 36 37 38 39 40 41 42 43 44 45 46 47 48 49 50 51 52 53 54 55 56 57 58 59 60 61 62 63 64 65 66 67 68 69 70 71 72 73 74 75 76 77 78 79 80 81 82 83 84 85 86 87 88 89 90 91 92 93 94 95 96 97 98 99 100 101 102 103 104 105 106 107 108 109 110 111 112 113 114 115 116 117 118 119 120 121 122 123 124 125 126 127 128 129 130 131 132 133 134 135 136 137 138 139 140 141 142 143 144 145 146 147 148 149 150 151 152 153 154 155 156 157 158 159 160 161 162 163 164 165 166 167 168 169 170 171 172 173 174 175 176 177 178 179 180 181 182 183 184 185 186 187 188 189 190 191 192 193 194 195 196 197 198 199 200 201 202 203 204 205 206 207 208 209 210 211 212 213 214 215 216 217 218 219 220 221 222 223 224 225 226 227 228 229 230 231 232 233 234 235 236 237 238 239 240 241 242 243 244 245 246 247 248 249 250 251 252 253 254 255 256 257 258 259 260 261 262 263 264 265 266 267 268 269 270 271 272 273 274 275 276 277 278 279 280 281 282 283 284 285 286 287 288 289 290 291 292 293 294 295 296 297 298 299 300 301 302 303 304 305 306 307 308 309 310 311 312 313 314 315 316 317 318 319 320 321 322 323 324 325 326 327 328 329 330 331 332 333 334 335 336 337 338 339 340 341 342 343 344 345 346 347 348 349 350 351 352 353 354 355 356 357 358 359 360 361 362 363 364 365 366 367 368 369 370 371 372 373 374 375 376 377 378 379 380 381 382 383 384 385 386 387 388 389 390 391 392 393 394 395 396 397 398 399 400 401 402 403 404 405 406 407 408 409 410 411 412 413 414 415 416 417 418 419 420 421 422 423 424 425 426 427 428 429 430 431 432 433 434 435 436 437 438 439 440 441 442 443 444 445 446 447 448 449 450 451 452 453 454 455 456 457 458 459 460 461 462 463 464 465 466 467 468 469 470 471 472 473 474 475 476 477 478 479 480 481 482 483 484 485 486 487 488 489 490 491 492 493 494 495 496 497 498 499 500 501 502 503 504 505 506 507
 done.
 running RMSDs...
 done.
 E lowest :   -92.83283
 214 structures remain within     6.00 kcal/mol window
 
 
========================================
            MTD Iteration  2
========================================
 
     ========================================
     |         Meta-MD (MTD) Sampling       |
     ========================================
 
Starting Meta-MD   1 with the settings:
     MD time /ps        :    10.0
     dt /fs             :     5.0
     dumpstep(trj) /fs  :     100
     dumpstep(Vbias)/ps :     1.0
     Vbias factor k /Eh :  0.1890
     Vbias exp α /bohr⁻²:    1.30
Starting Meta-MD   2 with the settings:
     MD time /ps        :    10.0
     dt /fs             :     5.0
     dumpstep(trj) /fs  :     100
     dumpstep(Vbias)/ps :     1.0
     Vbias factor k /Eh :  0.0945
     Vbias exp α /bohr⁻²:    1.30
Starting Meta-MD   5 with the settings:
     MD time /ps        :    10.0
     dt /fs             :     5.0
     dumpstep(trj) /fs  :     100
     dumpstep(Vbias)/ps :     1.0
     Vbias factor k /Eh :  0.0945
     Vbias exp α /bohr⁻²:    0.78
Starting Meta-MD   6 with the settings:
     MD time /ps        :    10.0
     dt /fs             :     5.0
     dumpstep(trj) /fs  :     100
     dumpstep(Vbias)/ps :     1.0
     Vbias factor k /Eh :  0.0473
     Vbias exp α /bohr⁻²:    0.78
Starting Meta-MD   3 with the settings:
     MD time /ps        :    10.0
     dt /fs             :     5.0
     dumpstep(trj) /fs  :     100
     dumpstep(Vbias)/ps :     1.0
     Vbias factor k /Eh :  0.0473
     Vbias exp α /bohr⁻²:    1.30
Starting Meta-MD   4 with the settings:
     MD time /ps        :    10.0
     dt /fs             :     5.0
     dumpstep(trj) /fs  :     100
     dumpstep(Vbias)/ps :     1.0
     Vbias factor k /Eh :  0.1890
     Vbias exp α /bohr⁻²:    0.78
Starting Meta-MD   7 with the settings:
     MD time /ps        :    10.0
     dt /fs             :     5.0
     dumpstep(trj) /fs  :     100
     dumpstep(Vbias)/ps :     1.0
     Vbias factor k /Eh :  0.1890
     Vbias exp α /bohr⁻²:    0.47
Starting Meta-MD  12 with the settings:
     MD time /ps        :    10.0
     dt /fs             :     5.0
     dumpstep(trj) /fs  :     100
     dumpstep(Vbias)/ps :     1.0
     Vbias factor k /Eh :  0.0473
     Vbias exp α /bohr⁻²:    0.28
*Meta-MTD 12 finished*
Starting Meta-MD  11 with the settings:
     MD time /ps        :    10.0
     dt /fs             :     5.0
     dumpstep(trj) /fs  :     100
     dumpstep(Vbias)/ps :     1.0
     Vbias factor k /Eh :  0.0945
     Vbias exp α /bohr⁻²:    0.28
*Meta-MTD 1 finished*
Starting Meta-MD   8 with the settings:
     MD time /ps        :    10.0
     dt /fs             :     5.0
     dumpstep(trj) /fs  :     100
     dumpstep(Vbias)/ps :     1.0
     Vbias factor k /Eh :  0.0945
     Vbias exp α /bohr⁻²:    0.47
*Meta-MTD 3 finished*
Starting Meta-MD   9 with the settings:
     MD time /ps        :    10.0
     dt /fs             :     5.0
     dumpstep(trj) /fs  :     100
     dumpstep(Vbias)/ps :     1.0
     Vbias factor k /Eh :  0.0473
     Vbias exp α /bohr⁻²:    0.47
*Meta-MTD 5 finished*
Starting Meta-MD  10 with the settings:
     MD time /ps        :    10.0
     dt /fs             :     5.0
     dumpstep(trj) /fs  :     100
     dumpstep(Vbias)/ps :     1.0
     Vbias factor k /Eh :  0.1890
     Vbias exp α /bohr⁻²:    0.28
*Meta-MTD 4 finished*
*Meta-MTD 7 finished*
*Meta-MTD 2 finished*
*Meta-MTD 6 finished*
*Meta-MTD 11 finished*
*Meta-MTD 10 finished*
*Meta-MTD 8 finished*
*Meta-MTD 9 finished*
 
-----------------------
Multilevel Optimization
-----------------------
 
 -------------------------
 1. crude pre-optimization
 -------------------------
 Optimizing all 1188 structures from file "crest_rotamers_0.xyz" ...
 1 2 3 4 5 6 7 8 9 10 11 12 13 14 15 16 17 18 19 20 21 22 23 24 25 26 27 28 29 30 31 32 33 34 35 36 37 38 39 40 41 42 43 44 45 46 47 48 49 50 51 52 53 54 55 56 57 58 59 60 61 62 63 64 65 66 67 68 69 70 71 72 73 74 75 76 77 78 79 80 81 82 83 84 85 86 87 88 89 90 91 92 93 94 95 96 97 98 99 100 101 102 103 104 105 106 107 108 109 110 111 112 113 114 115 116 117 118 119 120 121 122 123 124 125 126 127 128 129 130 131 132 133 134 135 136 137 138 139 140 141 142 143 144 145 146 147 148 149 150 151 152 153 154 155 156 157 158 159 160 161 162 163 164 165 166 167 168 169 170 171 172 173 174 175 176 177 178 179 180 181 182 183 184 185 186 187 188 189 190 191 192 193 194 195 196 197 198 199 200 201 202 203 204 205 206 207 208 209 210 211 212 213 214 215 216 217 218 219 220 221 222 223 224 225 226 227 228 229 230 231 232 233 234 235 236 237 238 239 240 241 242 243 244 245 246 247 248 249 250 251 252 253 254 255 256 257 258 259 260 261 262 263 264 265 266 267 268 269 270 271 272 273 274 275 276 277 278 279 280 281 282 283 284 285 286 287 288 289 290 291 292 293 294 295 296 297 298 299 300 301 302 303 304 305 306 307 308 309 310 311 312 313 314 315 316 317 318 319 320 321 322 323 324 325 326 327 328 329 330 331 332 333 334 335 336 337 338 339 340 341 342 343 344 345 346 347 348 349 350 351 352 353 354 355 356 357 358 359 360 361 362 363 364 365 366 367 368 369 370 371 372 373 374 375 376 377 378 379 380 381 382 383 384 385 386 387 388 389 390 391 392 393 394 395 396 397 398 399 400 401 402 403 404 405 406 407 408 409 410 411 412 413 414 415 416 417 418 419 420 421 422 423 424 425 426 427 428 429 430 431 432 433 434 435 436 437 438 439 440 441 442 443 444 445 446 447 448 449 450 451 452 453 454 455 456 457 458 459 460 461 462 463 464 465 466 467 468 469 470 471 472 473 474 475 476 477 478 479 480 481 482 483 484 485 486 487 488 489 490 491 492 493 494 495 496 497 498 499 500 501 502 503 504 505 506 507 508 509 510 511 512 513 514 515 516 517 518 519 520 521 522 523 524 525 526 527 528 529 530 531 532 533 534 535 536 537 538 539 540 541 542 543 544 545 546 547 548 549 550 551 552 553 554 555 556 557 558 559 560 561 562 563 564 565 566 567 568 569 570 571 572 573 574 575 576 577 578 579 580 581 582 583 584 585 586 587 588 589 590 591 592 593 594 595 596 597 598 599 600 601 602 603 604 605 606 607 608 609 610 611 612 613 614 615 616 617 618 619 620 621 622 623 624 625 626 627 628 629 630 631 632 633 634 635 636 637 638 639 640 641 642 643 644 645 646 647 648 649 650 651 652 653 654 655 656 657 658 659 660 661 662 663 664 665 666 667 668 669 670 671 672 673 674 675 676 677 678 679 680 681 682 683 684 685 686 687 688 689 690 691 692 693 694 695 696 697 698 699 700 701 702 703 704 705 706 707 708 709 710 711 712 713 714 715 716 717 718 719 720 721 722 723 724 725 726 727 728 729 730 731 732 733 734 735 736 737 738 739 740 741 742 743 744 745 746 747 748 749 750 751 752 753 754 755 756 757 758 759 760 761 762 763 764 765 766 767 768 769 770 771 772 773 774 775 776 777 778 779 780 781 782 783 784 785 786 787 788 789 790 791 792 793 794 795 796 797 798 799 800 801 802 803 804 805 806 807 808 809 810 811 812 813 814 815 816 817 818 819 820 821 822 823 824 825 826 827 828 829 830 831 832 833 834 835 836 837 838 839 840 841 842 843 844 845 846 847 848 849 850 851 852 853 854 855 856 857 858 859 860 861 862 863 864 865 866 867 868 869 870 871 872 873 874 875 876 877 878 879 880 881 882 883 884 885 886 887 888 889 890 891 892 893 894 895 896 897 898 899 900 901 902 903 904 905 906 907 908 909 910 911 912 913 914 915 916 917 918 919 920 921 922 923 924 925 926 927 928 929 930 931 932 933 934 935 936 937 938 939 940 941 942 943 944 945 946 947 948 949 950 951 952 953 954 955 956 957 958 959 960 961 962 963 964 965 966 967 968 969 970 971 972 973 974 975 976 977 978 979 980 981 982 983 984 985 986 987 988 989 990 991 992 993 994 995 996 997 998 999 1000 1001 1002 1003 1004 1005 1006 1007 1008 1009 1010 1011 1012 1013 1014 1015 1016 1017 1018 1019 1020 1021 1022 1023 1024 1025 1026 1027 1028 1029 1030 1031 1032 1033 1034 1035 1036 1037 1038 1039 1040 1041 1042 1043 1044 1045 1046 1047 1048 1049 1050 1051 1052 1053 1054 1055 1056 1057 1058 1059 1060 1061 1062 1063 1064 1065 1066 1067 1068 1069 1070 1071 1072 1073 1074 1075 1076 1077 1078 1079 1080 1081 1082 1083 1084 1085 1086 1087 1088 1089 1090 1091 1092 1093 1094 1095 1096 1097 1098 1099 1100 1101 1102 1103 1104 1105 1106 1107 1108 1109 1110 1111 1112 1113 1114 1115 1116 1117 1118 1119 1120 1121 1122 1123 1124 1125 1126 1127 1128 1129 1130 1131 1132 1133 1134 1135 1136 1137 1138 1139 1140 1141 1142 1143 1144 1145 1146 1147 1148 1149 1150 1151 1152 1153 1154 1155 1156 1157 1158 1159 1160 1161 1162 1163 1164 1165 1166 1167 1168 1169 1170 1171 1172 1173 1174 1175 1176 1177 1178 1179 1180 1181 1182 1183 1184 1185 1186 1187 1188
 done.
 running RMSDs...
 done.
 E lowest :   -92.83205
 517 structures remain within    12.00 kcal/mol window
 
 -------------------------------------
 2. optimization with tight thresholds
 -------------------------------------
 Optimizing all 518 structures from file "crest_rotamers_1.xyz" ...
 1 2 3 4 5 6 7 8 9 10 11 12 13 14 15 16 17 18 19 20 21 22 23 24 25 26 27 28 29 30 31 32 33 34 35 36 37 38 39 40 41 42 43 44 45 46 47 48 49 50 51 52 53 54 55 56 57 58 59 60 61 62 63 64 65 66 67 68 69 70 71 72 73 74 75 76 77 78 79 80 81 82 83 84 85 86 87 88 89 90 91 92 93 94 95 96 97 98 99 100 101 102 103 104 105 106 107 108 109 110 111 112 113 114 115 116 117 118 119 120 121 122 123 124 125 126 127 128 129 130 131 132 133 134 135 136 137 138 139 140 141 142 143 144 145 146 147 148 149 150 151 152 153 154 155 156 157 158 159 160 161 162 163 164 165 166 167 168 169 170 171 172 173 174 175 176 177 178 179 180 181 182 183 184 185 186 187 188 189 190 191 192 193 194 195 196 197 198 199 200 201 202 203 204 205 206 207 208 209 210 211 212 213 214 215 216 217 218 219 220 221 222 223 224 225 226 227 228 229 230 231 232 233 234 235 236 237 238 239 240 241 242 243 244 245 246 247 248 249 250 251 252 253 254 255 256 257 258 259 260 261 262 263 264 265 266 267 268 269 270 271 272 273 274 275 276 277 278 279 280 281 282 283 284 285 286 287 288 289 290 291 292 293 294 295 296 297 298 299 300 301 302 303 304 305 306 307 308 309 310 311 312 313 314 315 316 317 318 319 320 321 322 323 324 325 326 327 328 329 330 331 332 333 334 335 336 337 338 339 340 341 342 343 344 345 346 347 348 349 350 351 352 353 354 355 356 357 358 359 360 361 362 363 364 365 366 367 368 369 370 371 372 373 374 375 376 377 378 379 380 381 382 383 384 385 386 387 388 389 390 391 392 393 394 395 396 397 398 399 400 401 402 403 404 405 406 407 408 409 410 411 412 413 414 415 416 417 418 419 420 421 422 423 424 425 426 427 428 429 430 431 432 433 434 435 436 437 438 439 440 441 442 443 444 445 446 447 448 449 450 451 452 453 454 455 456 457 458 459 460 461 462 463 464 465 466 467 468 469 470 471 472 473 474 475 476 477 478 479 480 481 482 483 484 485 486 487 488 489 490 491 492 493 494 495 496 497 498 499 500 501 502 503 504 505 506 507 508 509 510 511 512 513 514 515 516 517 518
 done.
 running RMSDs...
 done.
 E lowest :   -92.83284
 212 structures remain within     6.00 kcal/mol window
 
========================================
            MTD Iterations done         
========================================
 Collecting ensmbles.
 running RMSDs...
 done.
 E lowest :   -92.83284
 418 structures remain within     6.00 kcal/mol window
 
-----------------------------------------------
Additional regular MDs on lowest 4 conformer(s)
-----------------------------------------------
Starting MD   1 with the settings:
     MD time /ps        :     5.0
     MD Temperature /K  :   400.0
     dt /fs             :     5.0
     dumpstep(trj) /fs  :     100
Starting MD   8 with the settings:
     MD time /ps        :     5.0
     MD Temperature /K  :   500.0
     dt /fs             :     5.0
     dumpstep(trj) /fs  :     100
Starting MD   2 with the settings:
     MD time /ps        :     5.0
     MD Temperature /K  :   500.0
     dt /fs             :     5.0
     dumpstep(trj) /fs  :     100
Starting MD   3 with the settings:
     MD time /ps        :     5.0
     MD Temperature /K  :   400.0
     dt /fs             :     5.0
     dumpstep(trj) /fs  :     100
Starting MD   4 with the settings:
     MD time /ps        :     5.0
     MD Temperature /K  :   500.0
     dt /fs             :     5.0
     dumpstep(trj) /fs  :     100
Starting MD   5 with the settings:
     MD time /ps        :     5.0
     MD Temperature /K  :   400.0
     dt /fs             :     5.0
     dumpstep(trj) /fs  :     100
Starting MD   6 with the settings:
     MD time /ps        :     5.0
     MD Temperature /K  :   500.0
     dt /fs             :     5.0
     dumpstep(trj) /fs  :     100
Starting MD   7 with the settings:
     MD time /ps        :     5.0
     MD Temperature /K  :   400.0
     dt /fs             :     5.0
     dumpstep(trj) /fs  :     100
*MD 5 finished*
*MD 7 finished*
*MD 6 finished*
*MD 4 finished*
*MD 8 finished*
*MD 3 finished*
*MD 1 finished*
*MD 2 finished*
 Appending file crest_rotamers_1.xyz with new structures
 
 -------------------------------------------
 Ensemble optimization with tight thresholds
 -------------------------------------------
 Optimizing all 810 structures from file "crest_rotamers_1.xyz" ...
 1 2 3 4 5 6 7 8 9 10 11 12 13 14 15 16 17 18 19 20 21 22 23 24 25 26 27 28 29 30 31 32 33 34 35 36 37 38 39 40 41 42 43 44 45 46 47 48 49 50 51 52 53 54 55 56 57 58 59 60 61 62 63 64 65 66 67 68 69 70 71 72 73 74 75 76 77 78 79 80 81 82 83 84 85 86 87 88 89 90 91 92 93 94 95 96 97 98 99 100 101 102 103 104 105 106 107 108 109 110 111 112 113 114 115 116 117 118 119 120 121 122 123 124 125 126 127 128 129 130 131 132 133 134 135 136 137 138 139 140 141 142 143 144 145 146 147 148 149 150 151 152 153 154 155 156 157 158 159 160 161 162 163 164 165 166 167 168 169 170 171 172 173 174 175 176 177 178 179 180 181 182 183 184 185 186 187 188 189 190 191 192 193 194 195 196 197 198 199 200 201 202 203 204 205 206 207 208 209 210 211 212 213 214 215 216 217 218 219 220 221 222 223 224 225 226 227 228 229 230 231 232 233 234 235 236 237 238 239 240 241 242 243 244 245 246 247 248 249 250 251 252 253 254 255 256 257 258 259 260 261 262 263 264 265 266 267 268 269 270 271 272 273 274 275 276 277 278 279 280 281 282 283 284 285 286 287 288 289 290 291 292 293 294 295 296 297 298 299 300 301 302 303 304 305 306 307 308 309 310 311 312 313 314 315 316 317 318 319 320 321 322 323 324 325 326 327 328 329 330 331 332 333 334 335 336 337 338 339 340 341 342 343 344 345 346 347 348 349 350 351 352 353 354 355 356 357 358 359 360 361 362 363 364 365 366 367 368 369 370 371 372 373 374 375 376 377 378 379 380 381 382 383 384 385 386 387 388 389 390 391 392 393 394 395 396 397 398 399 400 401 402 403 404 405 406 407 408 409 410 411 412 413 414 415 416 417 418 419 420 421 422 423 424 425 426 427 428 429 430 431 432 433 434 435 436 437 438 439 440 441 442 443 444 445 446 447 448 449 450 451 452 453 454 455 456 457 458 459 460 461 462 463 464 465 466 467 468 469 470 471 472 473 474 475 476 477 478 479 480 481 482 483 484 485 486 487 488 489 490 491 492 493 494 495 496 497 498 499 500 501 502 503 504 505 506 507 508 509 510 511 512 513 514 515 516 517 518 519 520 521 522 523 524 525 526 527 528 529 530 531 532 533 534 535 536 537 538 539 540 541 542 543 544 545 546 547 548 549 550 551 552 553 554 555 556 557 558 559 560 561 562 563 564 565 566 567 568 569 570 571 572 573 574 575 576 577 578 579 580 581 582 583 584 585 586 587 588 589 590 591 592 593 594 595 596 597 598 599 600 601 602 603 604 605 606 607 608 609 610 611 612 613 614 615 616 617 618 619 620 621 622 623 624 625 626 627 628 629 630 631 632 633 634 635 636 637 638 639 640 641 642 643 644 645 646 647 648 649 650 651 652 653 654 655 656 657 658 659 660 661 662 663 664 665 666 667 668 669 670 671 672 673 674 675 676 677 678 679 680 681 682 683 684 685 686 687 688 689 690 691 692 693 694 695 696 697 698 699 700 701 702 703 704 705 706 707 708 709 710 711 712 713 714 715 716 717 718 719 720 721 722 723 724 725 726 727 728 729 730 731 732 733 734 735 736 737 738 739 740 741 742 743 744 745 746 747 748 749 750 751 752 753 754 755 756 757 758 759 760 761 762 763 764 765 766 767 768 769 770 771 772 773 774 775 776 777 778 779 780 781 782 783 784 785 786 787 788 789 790 791 792 793 794 795 796 797 798 799 800 801 802 803 804 805 806 807 808 809 810
 done.
 running RMSDs...
 done.
 E lowest :   -92.83283
 445 structures remain within     6.00 kcal/mol window
 
 
     ========================================
     |        Structure Crossing (GC)       |
     ========================================
 =============================
  # threads =           8
 =============================
 input  file name : crest_rotamers_3.xyz
number of atoms                :    63
number of points on xyz files  :   445
conformer energy window  /kcal :    6.00
CN per atom difference cut-off :  0.3000
RMSD threshold                 :  0.2500
max. # of generated structures : 500
 reading xyz file ...
 # in E window                445
 generating pairs ...       99234
  42.0 % done
  45.2 % done
  56.0 % done
  60.0 % done
 generated pairs           :       10202
 number of clash discarded :       88588
 average rmsd w.r.t input  : 1.52227
 sd of ensemble            : 0.29912
 number of new structures      :         234
 removed identical structures  :         766
 writing          234  TMPCONF* dirs ...
 --------------------------
 GC: loose pre-optimization
 --------------------------
 Starting optimization of generated structures
 234 jobs to do.
 1 2 3 4 5 6 7 8 9 10 11 12 13 14 15 16 17 18 19 20 21 22 23 24 25 26 27 28 29 30 31 32 33 34 35 36 37 38 39 40 41 42 43 44 45 46 47 48 49 50 51 52 53 54 55 56 57 58 59 60 61 62 63 64 65 66 67 68 69 70 71 72 73 74 75 76 77 78 79 80 81 82 83 84 85 86 87 88 89 90 91 92 93 94 95 96 97 98 99 100 101 102 103 104 105 106 107 108 109 110 111 112 113 114 115 116 117 118 119 120 121 122 123 124 125 126 127 128 129 130 131 132 133 134 135 136 137 138 139 140 141 142 143 144 145 146 147 148 149 150 151 152 153 154 155 156 157 158 159 160 161 162 163 164 165 166 167 168 169 170 171 172 173 174 175 176 177 178 179 180 181 182 183 184 185 186 187 188 189 190 191 192 193 194 195 196 197 198 199 200 201 202 203 204 205 206 207 208 209 210 211 212 213 214 215 216 217 218 219 220 221 222 223 224 225 226 227 228 229 230 231 232 233 234 
 done.
 Now appending opt.xyz file with new structures
 running RMSDs...
 done.
 E lowest :   -92.83282
 234 structures remain within    10.00 kcal/mol window
 --------------------------------------
 GC: optimization with tight thresholds
 --------------------------------------
 Optimizing all 234 structures from file "crest_rotamers_1.xyz" ...
 1 2 3 4 5 6 7 8 9 10 11 12 13 14 15 16 17 18 19 20 21 22 23 24 25 26 27 28 29 30 31 32 33 34 35 36 37 38 39 40 41 42 43 44 45 46 47 48 49 50 51 52 53 54 55 56 57 58 59 60 61 62 63 64 65 66 67 68 69 70 71 72 73 74 75 76 77 78 79 80 81 82 83 84 85 86 87 88 89 90 91 92 93 94 95 96 97 98 99 100 101 102 103 104 105 106 107 108 109 110 111 112 113 114 115 116 117 118 119 120 121 122 123 124 125 126 127 128 129 130 131 132 133 134 135 136 137 138 139 140 141 142 143 144 145 146 147 148 149 150 151 152 153 154 155 156 157 158 159 160 161 162 163 164 165 166 167 168 169 170 171 172 173 174 175 176 177 178 179 180 181 182 183 184 185 186 187 188 189 190 191 192 193 194 195 196 197 198 199 200 201 202 203 204 205 206 207 208 209 210 211 212 213 214 215 216 217 218 219 220 221 222 223 224 225 226 227 228 229 230 231 232 233 234
 done.
 running RMSDs...
 done.
 E lowest :   -92.83283
 
 
   ================================================
   |           Final Geometry Optimization        |
   ================================================
 ------------------------------------------------
 Ensemble optimization with very tight thresholds
 ------------------------------------------------
 Optimizing all 674 structures from file "crest_rotamers_4.xyz" ...
 1 2 3 4 5 6 7 8 9 10 11 12 13 14 15 16 17 18 19 20 21 22 23 24 25 26 27 28 29 30 31 32 33 34 35 36 37 38 39 40 41 42 43 44 45 46 47 48 49 50 51 52 53 54 55 56 57 58 59 60 61 62 63 64 65 66 67 68 69 70 71 72 73 74 75 76 77 78 79 80 81 82 83 84 85 86 87 88 89 90 91 92 93 94 95 96 97 98 99 100 101 102 103 104 105 106 107 108 109 110 111 112 113 114 115 116 117 118 119 120 121 122 123 124 125 126 127 128 129 130 131 132 133 134 135 136 137 138 139 140 141 142 143 144 145 146 147 148 149 150 151 152 153 154 155 156 157 158 159 160 161 162 163 164 165 166 167 168 169 170 171 172 173 174 175 176 177 178 179 180 181 182 183 184 185 186 187 188 189 190 191 192 193 194 195 196 197 198 199 200 201 202 203 204 205 206 207 208 209 210 211 212 213 214 215 216 217 218 219 220 221 222 223 224 225 226 227 228 229 230 231 232 233 234 235 236 237 238 239 240 241 242 243 244 245 246 247 248 249 250 251 252 253 254 255 256 257 258 259 260 261 262 263 264 265 266 267 268 269 270 271 272 273 274 275 276 277 278 279 280 281 282 283 284 285 286 287 288 289 290 291 292 293 294 295 296 297 298 299 300 301 302 303 304 305 306 307 308 309 310 311 312 313 314 315 316 317 318 319 320 321 322 323 324 325 326 327 328 329 330 331 332 333 334 335 336 337 338 339 340 341 342 343 344 345 346 347 348 349 350 351 352 353 354 355 356 357 358 359 360 361 362 363 364 365 366 367 368 369 370 371 372 373 374 375 376 377 378 379 380 381 382 383 384 385 386 387 388 389 390 391 392 393 394 395 396 397 398 399 400 401 402 403 404 405 406 407 408 409 410 411 412 413 414 415 416 417 418 419 420 421 422 423 424 425 426 427 428 429 430 431 432 433 434 435 436 437 438 439 440 441 442 443 444 445 446 447 448 449 450 451 452 453 454 455 456 457 458 459 460 461 462 463 464 465 466 467 468 469 470 471 472 473 474 475 476 477 478 479 480 481 482 483 484 485 486 487 488 489 490 491 492 493 494 495 496 497 498 499 500 501 502 503 504 505 506 507 508 509 510 511 512 513 514 515 516 517 518 519 520 521 522 523 524 525 526 527 528 529 530 531 532 533 534 535 536 537 538 539 540 541 542 543 544 545 546 547 548 549 550 551 552 553 554 555 556 557 558 559 560 561 562 563 564 565 566 567 568 569 570 571 572 573 574 575 576 577 578 579 580 581 582 583 584 585 586 587 588 589 590 591 592 593 594 595 596 597 598 599 600 601 602 603 604 605 606 607 608 609 610 611 612 613 614 615 616 617 618 619 620 621 622 623 624 625 626 627 628 629 630 631 632 633 634 635 636 637 638 639 640 641 642 643 644 645 646 647 648 649 650 651 652 653 654 655 656 657 658 659 660 661 662 663 664 665 666 667 668 669 670 671 672 673 674
 done.
 running RMSDs...
 done.
 E lowest :   -92.83284
 674 structures remain within     6.00 kcal/mol window
 
 input  file name : crest_rotamers_5.xyz
 output file name : crest_rotamers_6.xyz
 number of atoms                :   63
 number of points on xyz files  :   674
 RMSD threshold                 :   0.1250
 Bconst threshold               :   0.0100
 population threshold           :   0.0500
 conformer energy window  /kcal :   6.0000
 # fragment in coord            :     1
 # bonds in reference structure :    68
 number of reliable points      :   674
 reference state Etot :  -92.8328358100000
 number of doubles removed by rot/RMSD         :           0
 total number unique points considered further :         674
       Erel/kcal        Etot weight/tot  conformer     set   degen     origin
       1   0.000   -92.83284    0.00157    0.99959       1     638     mtd11
       2   0.000   -92.83284    0.00157                                mtd7
       3   0.000   -92.83284    0.00157                                mtd7
       4   0.000   -92.83284    0.00157                                mtd4
       5   0.000   -92.83284    0.00157                                mtd8
       6   0.000   -92.83284    0.00157                                mtd10
       7   0.000   -92.83284    0.00157                                mtd6
       8   0.000   -92.83284    0.00157                                mtd11
       9   0.000   -92.83284    0.00157                                mtd8
      10   0.000   -92.83284    0.00157                                mtd10
      11   0.000   -92.83284    0.00157                                mtd5
      12   0.000   -92.83284    0.00157                                mtd4
      13   0.000   -92.83284    0.00157                                mtd10
      14   0.000   -92.83284    0.00157                                mtd5
      15   0.000   -92.83284    0.00157                                mtd10
      16   0.000   -92.83284    0.00157                                md4
      17   0.000   -92.83284    0.00157                                md4
      18   0.000   -92.83284    0.00157                                mtd5
      19   0.000   -92.83284    0.00157                                mtd6
      20   0.000   -92.83284    0.00157                                mtd14
      21   0.000   -92.83284    0.00157                                mtd3
      22   0.000   -92.83284    0.00157                                mtd11
      23   0.000   -92.83284    0.00157                                mtd7
      24   0.000   -92.83284    0.00157                                mtd6
      25   0.000   -92.83284    0.00157                                mtd3
      26   0.000   -92.83284    0.00157                                mtd10
      27   0.000   -92.83284    0.00157                                mtd2
      28   0.000   -92.83284    0.00157                                mtd3
      29   0.000   -92.83284    0.00157                                mtd11
      30   0.000   -92.83284    0.00157                                mtd8
      31   0.000   -92.83284    0.00157                                mtd5
      32   0.000   -92.83284    0.00157                                mtd2
      33   0.000   -92.83284    0.00157                                mtd14
      34   0.000   -92.83284    0.00157                                mtd8
      35   0.000   -92.83284    0.00157                                mtd11
      36   0.000   -92.83284    0.00157                                mtd6
      37   0.000   -92.83284    0.00157                                mtd10
      38   0.000   -92.83284    0.00157                                mtd2
      39   0.000   -92.83284    0.00157                                mtd3
      40   0.000   -92.83284    0.00157                                mtd5
      41   0.000   -92.83284    0.00157                                mtd3
      42   0.000   -92.83284    0.00157                                gc
      43   0.000   -92.83284    0.00157                                gc
      44   0.000   -92.83284    0.00157                                mtd4
      45   0.000   -92.83284    0.00157                                mtd6
      46   0.000   -92.83284    0.00157                                mtd5
      47   0.001   -92.83284    0.00157                                mtd3
      48   0.001   -92.83284    0.00157                                mtd11
      49   0.001   -92.83284    0.00157                                gc
      50   0.001   -92.83284    0.00157                                mtd8
      51   0.001   -92.83284    0.00157                                mtd9
      52   0.001   -92.83284    0.00157                                mtd2
      53   0.001   -92.83283    0.00157                                gc
      54   0.001   -92.83283    0.00157                                md4
      55   0.001   -92.83283    0.00157                                mtd3
      56   0.001   -92.83283    0.00157                                gc
      57   0.001   -92.83283    0.00157                                mtd8
      58   0.001   -92.83283    0.00157                                gc
      59   0.001   -92.83283    0.00157                                mtd11
      60   0.001   -92.83283    0.00157                                mtd2
      61   0.001   -92.83283    0.00157                                mtd12
      62   0.001   -92.83283    0.00157                                gc
      63   0.001   -92.83283    0.00157                                gc
      64   0.001   -92.83283    0.00157                                gc
      65   0.001   -92.83283    0.00157                                mtd10
      66   0.001   -92.83283    0.00157                                gc
      67   0.001   -92.83283    0.00157                                gc
      68   0.001   -92.83283    0.00157                                gc
      69   0.001   -92.83283    0.00157                                gc
      70   0.001   -92.83283    0.00157                                mtd11
      71   0.001   -92.83283    0.00157                                mtd8
      72   0.001   -92.83283    0.00157                                mtd4
      73   0.001   -92.83283    0.00157                                mtd8
      74   0.001   -92.83283    0.00157                                mtd6
      75   0.001   -92.83283    0.00157                                gc
      76   0.001   -92.83283    0.00157                                gc
      77   0.001   -92.83283    0.00157                                mtd8
      78   0.001   -92.83283    0.00157                                gc
      79   0.001   -92.83283    0.00157                                mtd1
      80   0.001   -92.83283    0.00157                                mtd14
      81   0.001   -92.83283    0.00157                                gc
      82   0.001   -92.83283    0.00157                                gc
      83   0.001   -92.83283    0.00157                                md2
      84   0.001   -92.83283    0.00157                                md1
      85   0.001   -92.83283    0.00157                                gc
      86   0.001   -92.83283    0.00157                                gc
      87   0.001   -92.83283    0.00157                                mtd11
      88   0.001   -92.83283    0.00157                                gc
      89   0.001   -92.83283    0.00157                                gc
      90   0.001   -92.83283    0.00157                                mtd1
      91   0.001   -92.83283    0.00157                                mtd10
      92   0.001   -92.83283    0.00157                                gc
      93   0.001   -92.83283    0.00157                                gc
      94   0.001   -92.83283    0.00157                                gc
      95   0.001   -92.83283    0.00157                                mtd1
      96   0.001   -92.83283    0.00157                                mtd10
      97   0.001   -92.83283    0.00157                                gc
      98   0.001   -92.83283    0.00157                                mtd6
      99   0.001   -92.83283    0.00157                                gc
     100   0.001   -92.83283    0.00157                                mtd4
     101   0.001   -92.83283    0.00157                                gc
     102   0.001   -92.83283    0.00157                                gc
     103   0.001   -92.83283    0.00157                                gc
     104   0.001   -92.83283    0.00157                                gc
     105   0.001   -92.83283    0.00157                                mtd3
     106   0.001   -92.83283    0.00157                                mtd7
     107   0.001   -92.83283    0.00157                                mtd12
     108   0.001   -92.83283    0.00157                                gc
     109   0.001   -92.83283    0.00157                                mtd3
     110   0.001   -92.83283    0.00157                                mtd8
     111   0.001   -92.83283    0.00157                                gc
     112   0.001   -92.83283    0.00157                                mtd12
     113   0.001   -92.83283    0.00157                                gc
     114   0.001   -92.83283    0.00157                                mtd2
     115   0.001   -92.83283    0.00157                                gc
     116   0.001   -92.83283    0.00157                                gc
     117   0.001   -92.83283    0.00157                                mtd13
     118   0.001   -92.83283    0.00157                                gc
     119   0.001   -92.83283    0.00157                                gc
     120   0.001   -92.83283    0.00157                                gc
     121   0.001   -92.83283    0.00157                                gc
     122   0.001   -92.83283    0.00157                                gc
     123   0.001   -92.83283    0.00157                                mtd8
     124   0.001   -92.83283    0.00157                                gc
     125   0.001   -92.83283    0.00157                                gc
     126   0.001   -92.83283    0.00157                                gc
     127   0.001   -92.83283    0.00157                                gc
     128   0.001   -92.83283    0.00157                                mtd11
     129   0.001   -92.83283    0.00157                                mtd7
     130   0.001   -92.83283    0.00157                                gc
     131   0.001   -92.83283    0.00157                                mtd11
     132   0.001   -92.83283    0.00157                                gc
     133   0.001   -92.83283    0.00157                                gc
     134   0.001   -92.83283    0.00157                                gc
     135   0.001   -92.83283    0.00157                                mtd14
     136   0.001   -92.83283    0.00157                                md8
     137   0.001   -92.83283    0.00157                                mtd1
     138   0.001   -92.83283    0.00157                                gc
     139   0.001   -92.83283    0.00157                                mtd5
     140   0.001   -92.83283    0.00157                                gc
     141   0.001   -92.83283    0.00157                                mtd12
     142   0.001   -92.83283    0.00157                                gc
     143   0.001   -92.83283    0.00157                                mtd1
     144   0.001   -92.83283    0.00157                                gc
     145   0.001   -92.83283    0.00157                                mtd9
     146   0.001   -92.83283    0.00157                                gc
     147   0.001   -92.83283    0.00157                                gc
     148   0.001   -92.83283    0.00157                                mtd14
     149   0.001   -92.83283    0.00157                                gc
     150   0.001   -92.83283    0.00157                                mtd4
     151   0.001   -92.83283    0.00157                                md4
     152   0.001   -92.83283    0.00157                                mtd10
     153   0.001   -92.83283    0.00157                                mtd11
     154   0.001   -92.83283    0.00157                                gc
     155   0.001   -92.83283    0.00157                                md2
     156   0.001   -92.83283    0.00157                                mtd1
     157   0.001   -92.83283    0.00157                                mtd11
     158   0.001   -92.83283    0.00157                                mtd6
     159   0.001   -92.83283    0.00157                                gc
     160   0.001   -92.83283    0.00157                                mtd10
     161   0.001   -92.83283    0.00157                                gc
     162   0.001   -92.83283    0.00157                                mtd11
     163   0.001   -92.83283    0.00157                                mtd1
     164   0.001   -92.83283    0.00157                                mtd10
     165   0.001   -92.83283    0.00157                                gc
     166   0.001   -92.83283    0.00157                                mtd1
     167   0.001   -92.83283    0.00157                                gc
     168   0.001   -92.83283    0.00157                                mtd7
     169   0.001   -92.83283    0.00157                                mtd2
     170   0.001   -92.83283    0.00157                                gc
     171   0.001   -92.83283    0.00157                                mtd2
     172   0.001   -92.83283    0.00157                                mtd8
     173   0.001   -92.83283    0.00157                                mtd11
     174   0.001   -92.83283    0.00157                                mtd6
     175   0.001   -92.83283    0.00157                                gc
     176   0.001   -92.83283    0.00157                                gc
     177   0.001   -92.83283    0.00157                                gc
     178   0.001   -92.83283    0.00157                                mtd4
     179   0.001   -92.83283    0.00157                                gc
     180   0.001   -92.83283    0.00157                                gc
     181   0.001   -92.83283    0.00157                                gc
     182   0.001   -92.83283    0.00157                                gc
     183   0.001   -92.83283    0.00157                                gc
     184   0.001   -92.83283    0.00157                                md3
     185   0.001   -92.83283    0.00157                                mtd14
     186   0.001   -92.83283    0.00157                                gc
     187   0.001   -92.83283    0.00157                                gc
     188   0.001   -92.83283    0.00157                                gc
     189   0.001   -92.83283    0.00157                                gc
     190   0.001   -92.83283    0.00157                                mtd11
     191   0.001   -92.83283    0.00157                                mtd2
     192   0.001   -92.83283    0.00157                                gc
     193   0.001   -92.83283    0.00157                                gc
     194   0.001   -92.83283    0.00157                                gc
     195   0.001   -92.83283    0.00157                                mtd11
     196   0.001   -92.83283    0.00157                                gc
     197   0.001   -92.83283    0.00157                                gc
     198   0.001   -92.83283    0.00157                                gc
     199   0.001   -92.83283    0.00157                                mtd10
     200   0.001   -92.83283    0.00157                                gc
     201   0.001   -92.83283    0.00157                                mtd8
     202   0.001   -92.83283    0.00157                                mtd11
     203   0.001   -92.83283    0.00157                                gc
     204   0.001   -92.83283    0.00157                                mtd14
     205   0.001   -92.83283    0.00157                                gc
     206   0.001   -92.83283    0.00157                                gc
     207   0.001   -92.83283    0.00157                                gc
     208   0.001   -92.83283    0.00157                                md1
     209   0.001   -92.83283    0.00157                                gc
     210   0.001   -92.83283    0.00157                                mtd6
     211   0.001   -92.83283    0.00157                                mtd2
     212   0.001   -92.83283    0.00157                                gc
     213   0.001   -92.83283    0.00157                                gc
     214   0.001   -92.83283    0.00157                                gc
     215   0.001   -92.83283    0.00157                                gc
     216   0.001   -92.83283    0.00157                                mtd2
     217   0.001   -92.83283    0.00157                                gc
     218   0.001   -92.83283    0.00157                                gc
     219   0.001   -92.83283    0.00157                                gc
     220   0.001   -92.83283    0.00157                                mtd4
     221   0.001   -92.83283    0.00157                                mtd4
     222   0.001   -92.83283    0.00157                                gc
     223   0.001   -92.83283    0.00157                                mtd6
     224   0.001   -92.83283    0.00157                                mtd11
     225   0.001   -92.83283    0.00157                                gc
     226   0.001   -92.83283    0.00157                                mtd11
     227   0.001   -92.83283    0.00157                                gc
     228   0.001   -92.83283    0.00157                                mtd4
     229   0.001   -92.83283    0.00157                                mtd6
     230   0.001   -92.83283    0.00157                                mtd14
     231   0.001   -92.83283    0.00157                                gc
     232   0.001   -92.83283    0.00157                                mtd4
     233   0.001   -92.83283    0.00157                                mtd3
     234   0.001   -92.83283    0.00157                                mtd4
     235   0.001   -92.83283    0.00157                                mtd2
     236   0.001   -92.83283    0.00157                                mtd4
     237   0.001   -92.83283    0.00157                                gc
     238   0.001   -92.83283    0.00157                                gc
     239   0.001   -92.83283    0.00157                                gc
     240   0.001   -92.83283    0.00157                                gc
     241   0.001   -92.83283    0.00157                                mtd12
     242   0.001   -92.83283    0.00157                                mtd8
     243   0.001   -92.83283    0.00157                                gc
     244   0.001   -92.83283    0.00157                                mtd11
     245   0.001   -92.83283    0.00157                                mtd14
     246   0.001   -92.83283    0.00157                                mtd4
     247   0.001   -92.83283    0.00157                                mtd6
     248   0.001   -92.83283    0.00157                                md8
     249   0.001   -92.83283    0.00157                                mtd6
     250   0.001   -92.83283    0.00157                                gc
     251   0.001   -92.83283    0.00157                                gc
     252   0.001   -92.83283    0.00157                                gc
     253   0.001   -92.83283    0.00157                                gc
     254   0.001   -92.83283    0.00157                                gc
     255   0.001   -92.83283    0.00157                                md2
     256   0.001   -92.83283    0.00157                                mtd1
     257   0.001   -92.83283    0.00157                                mtd8
     258   0.001   -92.83283    0.00157                                mtd9
     259   0.001   -92.83283    0.00157                                mtd7
     260   0.001   -92.83283    0.00157                                mtd6
     261   0.001   -92.83283    0.00157                                mtd2
     262   0.001   -92.83283    0.00157                                md5
     263   0.001   -92.83283    0.00157                                mtd14
     264   0.001   -92.83283    0.00157                                gc
     265   0.001   -92.83283    0.00157                                gc
     266   0.001   -92.83283    0.00157                                gc
     267   0.001   -92.83283    0.00157                                gc
     268   0.001   -92.83283    0.00157                                mtd4
     269   0.001   -92.83283    0.00157                                gc
     270   0.001   -92.83283    0.00157                                gc
     271   0.001   -92.83283    0.00157                                mtd5
     272   0.001   -92.83283    0.00157                                gc
     273   0.001   -92.83283    0.00157                                gc
     274   0.001   -92.83283    0.00157                                mtd4
     275   0.001   -92.83283    0.00157                                mtd14
     276   0.001   -92.83283    0.00157                                gc
     277   0.001   -92.83283    0.00157                                mtd14
     278   0.001   -92.83283    0.00157                                gc
     279   0.001   -92.83283    0.00157                                gc
     280   0.001   -92.83283    0.00157                                gc
     281   0.001   -92.83283    0.00157                                gc
     282   0.001   -92.83283    0.00157                                mtd11
     283   0.001   -92.83283    0.00157                                mtd7
     284   0.001   -92.83283    0.00157                                mtd2
     285   0.001   -92.83283    0.00157                                gc
     286   0.001   -92.83283    0.00157                                mtd10
     287   0.001   -92.83283    0.00157                                gc
     288   0.001   -92.83283    0.00157                                gc
     289   0.001   -92.83283    0.00157                                mtd13
     290   0.001   -92.83283    0.00157                                gc
     291   0.001   -92.83283    0.00157                                mtd8
     292   0.001   -92.83283    0.00157                                gc
     293   0.001   -92.83283    0.00157                                mtd10
     294   0.001   -92.83283    0.00157                                mtd11
     295   0.001   -92.83283    0.00157                                gc
     296   0.001   -92.83283    0.00157                                gc
     297   0.001   -92.83283    0.00157                                mtd12
     298   0.001   -92.83283    0.00157                                gc
     299   0.001   -92.83283    0.00157                                mtd12
     300   0.001   -92.83283    0.00157                                gc
     301   0.001   -92.83283    0.00157                                mtd8
     302   0.001   -92.83283    0.00157                                gc
     303   0.001   -92.83283    0.00157                                gc
     304   0.001   -92.83283    0.00157                                mtd11
     305   0.001   -92.83283    0.00157                                gc
     306   0.001   -92.83283    0.00157                                mtd3
     307   0.001   -92.83283    0.00157                                md8
     308   0.001   -92.83283    0.00157                                mtd1
     309   0.001   -92.83283    0.00157                                gc
     310   0.001   -92.83283    0.00157                                gc
     311   0.001   -92.83283    0.00157                                mtd6
     312   0.001   -92.83283    0.00157                                gc
     313   0.001   -92.83283    0.00157                                gc
     314   0.001   -92.83283    0.00157                                mtd5
     315   0.001   -92.83283    0.00157                                gc
     316   0.001   -92.83283    0.00157                                mtd7
     317   0.001   -92.83283    0.00157                                mtd14
     318   0.001   -92.83283    0.00157                                mtd8
     319   0.001   -92.83283    0.00157                                gc
     320   0.001   -92.83283    0.00157                                mtd7
     321   0.001   -92.83283    0.00157                                mtd9
     322   0.001   -92.83283    0.00157                                mtd10
     323   0.001   -92.83283    0.00157                                md8
     324   0.001   -92.83283    0.00157                                gc
     325   0.001   -92.83283    0.00157                                mtd8
     326   0.001   -92.83283    0.00157                                mtd6
     327   0.001   -92.83283    0.00157                                gc
     328   0.001   -92.83283    0.00157                                mtd11
     329   0.001   -92.83283    0.00157                                gc
     330   0.001   -92.83283    0.00157                                mtd7
     331   0.001   -92.83283    0.00157                                mtd6
     332   0.001   -92.83283    0.00157                                mtd8
     333   0.001   -92.83283    0.00157                                mtd9
     334   0.001   -92.83283    0.00157                                gc
     335   0.001   -92.83283    0.00157                                mtd3
     336   0.001   -92.83283    0.00157                                mtd9
     337   0.001   -92.83283    0.00157                                mtd8
     338   0.001   -92.83283    0.00157                                gc
     339   0.001   -92.83283    0.00157                                md3
     340   0.001   -92.83283    0.00157                                mtd11
     341   0.001   -92.83283    0.00157                                gc
     342   0.001   -92.83283    0.00157                                mtd10
     343   0.001   -92.83283    0.00157                                mtd10
     344   0.001   -92.83283    0.00157                                md1
     345   0.001   -92.83283    0.00157                                mtd14
     346   0.001   -92.83283    0.00157                                mtd6
     347   0.001   -92.83283    0.00157                                mtd14
     348   0.001   -92.83283    0.00157                                gc
     349   0.001   -92.83283    0.00157                                gc
     350   0.001   -92.83283    0.00157                                md8
     351   0.001   -92.83283    0.00157                                mtd5
     352   0.001   -92.83283    0.00157                                mtd10
     353   0.001   -92.83283    0.00157                                mtd1
     354   0.001   -92.83283    0.00157                                gc
     355   0.001   -92.83283    0.00157                                mtd4
     356   0.001   -92.83283    0.00157                                md8
     357   0.001   -92.83283    0.00157                                mtd14
     358   0.001   -92.83283    0.00157                                mtd14
     359   0.001   -92.83283    0.00157                                mtd6
     360   0.001   -92.83283    0.00157                                mtd9
     361   0.001   -92.83283    0.00157                                mtd1
     362   0.001   -92.83283    0.00157                                mtd5
     363   0.001   -92.83283    0.00157                                mtd7
     364   0.001   -92.83283    0.00157                                mtd6
     365   0.001   -92.83283    0.00157                                mtd7
     366   0.001   -92.83283    0.00157                                mtd12
     367   0.001   -92.83283    0.00157                                mtd8
     368   0.001   -92.83283    0.00157                                gc
     369   0.001   -92.83283    0.00157                                gc
     370   0.001   -92.83283    0.00157                                mtd13
     371   0.001   -92.83283    0.00157                                mtd4
     372   0.001   -92.83283    0.00157                                mtd14
     373   0.001   -92.83283    0.00157                                mtd11
     374   0.001   -92.83283    0.00157                                mtd11
     375   0.001   -92.83283    0.00157                                gc
     376   0.001   -92.83283    0.00157                                mtd8
     377   0.001   -92.83283    0.00157                                mtd12
     378   0.001   -92.83283    0.00157                                mtd3
     379   0.001   -92.83283    0.00157                                gc
     380   0.001   -92.83283    0.00157                                gc
     381   0.001   -92.83283    0.00157                                mtd2
     382   0.001   -92.83283    0.00157                                mtd7
     383   0.001   -92.83283    0.00157                                gc
     384   0.001   -92.83283    0.00157                                mtd14
     385   0.001   -92.83283    0.00157                                mtd3
     386   0.001   -92.83283    0.00157                                gc
     387   0.001   -92.83283    0.00157                                mtd4
     388   0.001   -92.83283    0.00157                                gc
     389   0.001   -92.83283    0.00157                                gc
     390   0.001   -92.83283    0.00157                                gc
     391   0.001   -92.83283    0.00157                                mtd6
     392   0.001   -92.83283    0.00157                                mtd8
     393   0.001   -92.83283    0.00157                                gc
     394   0.001   -92.83283    0.00157                                mtd4
     395   0.001   -92.83283    0.00157                                mtd4
     396   0.001   -92.83283    0.00157                                mtd8
     397   0.001   -92.83283    0.00157                                gc
     398   0.001   -92.83283    0.00157                                mtd7
     399   0.001   -92.83283    0.00157                                mtd8
     400   0.001   -92.83283    0.00157                                mtd11
     401   0.001   -92.83283    0.00157                                gc
     402   0.001   -92.83283    0.00157                                mtd10
     403   0.001   -92.83283    0.00157                                gc
     404   0.001   -92.83283    0.00157                                gc
     405   0.001   -92.83283    0.00157                                mtd1
     406   0.001   -92.83283    0.00157                                mtd9
     407   0.001   -92.83283    0.00157                                gc
     408   0.001   -92.83283    0.00157                                md8
     409   0.001   -92.83283    0.00157                                gc
     410   0.001   -92.83283    0.00157                                mtd11
     411   0.001   -92.83283    0.00157                                mtd10
     412   0.001   -92.83283    0.00157                                mtd7
     413   0.001   -92.83283    0.00157                                gc
     414   0.001   -92.83283    0.00157                                gc
     415   0.001   -92.83283    0.00157                                mtd9
     416   0.001   -92.83283    0.00157                                mtd10
     417   0.001   -92.83283    0.00157                                gc
     418   0.001   -92.83283    0.00157                                mtd5
     419   0.001   -92.83283    0.00157                                mtd1
     420   0.001   -92.83283    0.00157                                mtd8
     421   0.001   -92.83283    0.00157                                mtd7
     422   0.001   -92.83283    0.00157                                gc
     423   0.001   -92.83283    0.00157                                mtd11
     424   0.001   -92.83283    0.00157                                mtd5
     425   0.001   -92.83283    0.00157                                md4
     426   0.002   -92.83283    0.00157                                mtd4
     427   0.002   -92.83283    0.00157                                gc
     428   0.002   -92.83283    0.00157                                gc
     429   0.002   -92.83283    0.00157                                gc
     430   0.002   -92.83283    0.00157                                mtd4
     431   0.002   -92.83283    0.00157                                mtd2
     432   0.002   -92.83283    0.00157                                mtd11
     433   0.002   -92.83283    0.00157                                mtd4
     434   0.002   -92.83283    0.00157                                mtd7
     435   0.002   -92.83283    0.00157                                mtd5
     436   0.002   -92.83283    0.00157                                mtd14
     437   0.002   -92.83283    0.00157                                mtd14
     438   0.002   -92.83283    0.00157                                mtd11
     439   0.002   -92.83283    0.00157                                mtd2
     440   0.002   -92.83283    0.00157                                gc
     441   0.002   -92.83283    0.00157                                mtd7
     442   0.002   -92.83283    0.00157                                mtd6
     443   0.002   -92.83283    0.00157                                mtd8
     444   0.002   -92.83283    0.00157                                mtd7
     445   0.002   -92.83283    0.00157                                mtd1
     446   0.002   -92.83283    0.00157                                gc
     447   0.002   -92.83283    0.00157                                gc
     448   0.002   -92.83283    0.00157                                mtd5
     449   0.002   -92.83283    0.00157                                gc
     450   0.002   -92.83283    0.00157                                mtd8
     451   0.002   -92.83283    0.00157                                mtd8
     452   0.002   -92.83283    0.00157                                mtd14
     453   0.002   -92.83283    0.00157                                mtd8
     454   0.002   -92.83283    0.00157                                gc
     455   0.002   -92.83283    0.00157                                gc
     456   0.002   -92.83283    0.00157                                mtd10
     457   0.002   -92.83283    0.00157                                mtd4
     458   0.002   -92.83283    0.00157                                mtd14
     459   0.002   -92.83283    0.00157                                mtd11
     460   0.002   -92.83283    0.00157                                md5
     461   0.002   -92.83283    0.00157                                mtd12
     462   0.002   -92.83283    0.00157                                mtd10
     463   0.002   -92.83283    0.00157                                gc
     464   0.002   -92.83283    0.00157                                gc
     465   0.002   -92.83283    0.00157                                gc
     466   0.002   -92.83283    0.00157                                mtd8
     467   0.002   -92.83283    0.00157                                mtd14
     468   0.002   -92.83283    0.00157                                mtd9
     469   0.002   -92.83283    0.00157                                mtd1
     470   0.002   -92.83283    0.00157                                gc
     471   0.002   -92.83283    0.00157                                mtd12
     472   0.002   -92.83283    0.00157                                gc
     473   0.002   -92.83283    0.00157                                gc
     474   0.002   -92.83283    0.00157                                gc
     475   0.002   -92.83283    0.00157                                mtd11
     476   0.002   -92.83283    0.00157                                mtd3
     477   0.002   -92.83283    0.00157                                mtd1
     478   0.002   -92.83283    0.00157                                gc
     479   0.002   -92.83283    0.00157                                mtd9
     480   0.002   -92.83283    0.00157                                md8
     481   0.002   -92.83283    0.00157                                gc
     482   0.002   -92.83283    0.00157                                gc
     483   0.002   -92.83283    0.00157                                mtd3
     484   0.002   -92.83283    0.00157                                mtd12
     485   0.002   -92.83283    0.00157                                mtd14
     486   0.002   -92.83283    0.00157                                mtd7
     487   0.002   -92.83283    0.00157                                mtd5
     488   0.002   -92.83283    0.00157                                mtd4
     489   0.002   -92.83283    0.00157                                gc
     490   0.002   -92.83283    0.00157                                mtd2
     491   0.002   -92.83283    0.00157                                mtd9
     492   0.002   -92.83283    0.00157                                mtd10
     493   0.002   -92.83283    0.00157                                mtd7
     494   0.002   -92.83283    0.00157                                mtd4
     495   0.002   -92.83283    0.00157                                gc
     496   0.002   -92.83283    0.00157                                mtd4
     497   0.002   -92.83283    0.00157                                gc
     498   0.002   -92.83283    0.00157                                mtd2
     499   0.002   -92.83283    0.00157                                gc
     500   0.002   -92.83283    0.00157                                gc
     501   0.002   -92.83283    0.00156                                mtd3
     502   0.002   -92.83283    0.00156                                mtd3
     503   0.002   -92.83283    0.00156                                gc
     504   0.002   -92.83283    0.00156                                mtd7
     505   0.002   -92.83283    0.00156                                mtd1
     506   0.002   -92.83283    0.00156                                mtd8
     507   0.002   -92.83283    0.00156                                mtd3
     508   0.002   -92.83283    0.00156                                mtd14
     509   0.002   -92.83283    0.00156                                mtd4
     510   0.002   -92.83283    0.00156                                mtd11
     511   0.002   -92.83283    0.00156                                mtd8
     512   0.002   -92.83283    0.00156                                gc
     513   0.002   -92.83283    0.00156                                gc
     514   0.002   -92.83283    0.00156                                mtd14
     515   0.002   -92.83283    0.00156                                mtd5
     516   0.002   -92.83283    0.00156                                gc
     517   0.002   -92.83283    0.00156                                mtd10
     518   0.002   -92.83283    0.00156                                mtd11
     519   0.002   -92.83283    0.00156                                gc
     520   0.002   -92.83283    0.00156                                gc
     521   0.002   -92.83283    0.00156                                mtd6
     522   0.002   -92.83283    0.00156                                gc
     523   0.002   -92.83283    0.00156                                mtd1
     524   0.003   -92.83283    0.00156                                mtd3
     525   0.003   -92.83283    0.00156                                mtd9
     526   0.003   -92.83283    0.00156                                mtd11
     527   0.003   -92.83283    0.00156                                mtd6
     528   0.003   -92.83283    0.00156                                mtd5
     529   0.003   -92.83283    0.00156                                md4
     530   0.003   -92.83283    0.00156                                gc
     531   0.003   -92.83283    0.00156                                mtd14
     532   0.003   -92.83283    0.00156                                mtd9
     533   0.003   -92.83283    0.00156                                mtd6
     534   0.003   -92.83283    0.00156                                gc
     535   0.003   -92.83283    0.00156                                gc
     536   0.003   -92.83283    0.00156                                mtd6
     537   0.003   -92.83283    0.00156                                mtd9
     538   0.003   -92.83283    0.00156                                gc
     539   0.003   -92.83283    0.00156                                mtd7
     540   0.003   -92.83283    0.00156                                mtd11
     541   0.003   -92.83283    0.00156                                mtd7
     542   0.003   -92.83283    0.00156                                gc
     543   0.003   -92.83283    0.00156                                mtd11
     544   0.003   -92.83283    0.00156                                mtd1
     545   0.003   -92.83283    0.00156                                mtd4
     546   0.003   -92.83283    0.00156                                mtd6
     547   0.003   -92.83283    0.00156                                gc
     548   0.003   -92.83283    0.00156                                mtd8
     549   0.003   -92.83283    0.00156                                mtd11
     550   0.003   -92.83283    0.00156                                gc
     551   0.003   -92.83283    0.00156                                mtd10
     552   0.003   -92.83283    0.00156                                mtd9
     553   0.003   -92.83283    0.00156                                mtd13
     554   0.003   -92.83283    0.00156                                mtd9
     555   0.003   -92.83283    0.00156                                gc
     556   0.003   -92.83283    0.00156                                mtd4
     557   0.003   -92.83283    0.00156                                mtd14
     558   0.003   -92.83283    0.00156                                mtd11
     559   0.003   -92.83283    0.00156                                mtd7
     560   0.003   -92.83283    0.00156                                gc
     561   0.003   -92.83283    0.00156                                mtd6
     562   0.003   -92.83283    0.00156                                mtd10
     563   0.003   -92.83283    0.00156                                mtd6
     564   0.003   -92.83283    0.00156                                mtd1
     565   0.003   -92.83283    0.00156                                gc
     566   0.003   -92.83283    0.00156                                mtd14
     567   0.003   -92.83283    0.00156                                gc
     568   0.003   -92.83283    0.00156                                gc
     569   0.003   -92.83283    0.00156                                mtd9
     570   0.003   -92.83283    0.00156                                gc
     571   0.003   -92.83283    0.00156                                gc
     572   0.003   -92.83283    0.00156                                gc
     573   0.003   -92.83283    0.00156                                gc
     574   0.003   -92.83283    0.00156                                mtd1
     575   0.003   -92.83283    0.00156                                mtd9
     576   0.003   -92.83283    0.00156                                mtd9
     577   0.003   -92.83283    0.00156                                md3
     578   0.003   -92.83283    0.00156                                mtd8
     579   0.003   -92.83283    0.00156                                mtd14
     580   0.003   -92.83283    0.00156                                mtd4
     581   0.003   -92.83283    0.00156                                mtd4
     582   0.003   -92.83283    0.00156                                mtd7
     583   0.003   -92.83283    0.00156                                mtd13
     584   0.003   -92.83283    0.00156                                gc
     585   0.003   -92.83283    0.00156                                gc
     586   0.004   -92.83283    0.00156                                mtd14
     587   0.004   -92.83283    0.00156                                mtd8
     588   0.004   -92.83283    0.00156                                mtd7
     589   0.004   -92.83283    0.00156                                mtd2
     590   0.004   -92.83283    0.00156                                mtd11
     591   0.004   -92.83283    0.00156                                gc
     592   0.004   -92.83283    0.00156                                mtd1
     593   0.004   -92.83283    0.00156                                gc
     594   0.004   -92.83283    0.00156                                gc
     595   0.004   -92.83283    0.00156                                mtd6
     596   0.004   -92.83283    0.00156                                mtd6
     597   0.004   -92.83283    0.00156                                mtd3
     598   0.004   -92.83283    0.00156                                gc
     599   0.004   -92.83283    0.00156                                mtd10
     600   0.004   -92.83283    0.00156                                gc
     601   0.004   -92.83283    0.00156                                mtd10
     602   0.004   -92.83283    0.00156                                gc
     603   0.004   -92.83283    0.00156                                md4
     604   0.004   -92.83283    0.00156                                gc
     605   0.004   -92.83283    0.00156                                mtd9
     606   0.004   -92.83283    0.00156                                mtd8
     607   0.005   -92.83283    0.00156                                mtd14
     608   0.005   -92.83283    0.00156                                mtd4
     609   0.005   -92.83283    0.00156                                mtd8
     610   0.005   -92.83283    0.00156                                mtd2
     611   0.005   -92.83283    0.00156                                mtd7
     612   0.005   -92.83283    0.00156                                mtd14
     613   0.005   -92.83283    0.00156                                gc
     614   0.005   -92.83283    0.00156                                mtd5
     615   0.005   -92.83283    0.00156                                gc
     616   0.005   -92.83283    0.00156                                gc
     617   0.005   -92.83283    0.00156                                mtd2
     618   0.005   -92.83283    0.00156                                mtd9
     619   0.005   -92.83283    0.00156                                gc
     620   0.005   -92.83283    0.00156                                mtd11
     621   0.006   -92.83283    0.00156                                mtd7
     622   0.006   -92.83283    0.00156                                mtd4
     623   0.006   -92.83283    0.00156                                mtd7
     624   0.006   -92.83283    0.00156                                mtd7
     625   0.006   -92.83283    0.00156                                mtd4
     626   0.006   -92.83283    0.00156                                mtd11
     627   0.006   -92.83283    0.00156                                mtd11
     628   0.006   -92.83283    0.00156                                gc
     629   0.006   -92.83283    0.00155                                mtd10
     630   0.006   -92.83283    0.00155                                mtd11
     631   0.007   -92.83283    0.00155                                mtd6
     632   0.007   -92.83283    0.00155                                gc
     633   0.007   -92.83283    0.00155                                gc
     634   0.007   -92.83282    0.00155                                mtd9
     635   0.007   -92.83282    0.00155                                gc
     636   0.008   -92.83282    0.00155                                mtd4
     637   0.008   -92.83282    0.00155                                mtd14
     638   0.010   -92.83282    0.00154                                mtd9
     639   0.987   -92.83126    0.00030    0.00030       2       1     mtd5
     640   3.406   -92.82741    0.00001    0.00005       3       9     md7
     641   3.406   -92.82741    0.00001                                mtd6
     642   3.406   -92.82741    0.00001                                md5
     643   3.407   -92.82741    0.00001                                mtd12
     644   3.407   -92.82741    0.00001                                mtd6
     645   3.407   -92.82741    0.00001                                mtd8
     646   3.408   -92.82741    0.00001                                mtd5
     647   3.408   -92.82741    0.00001                                mtd6
     648   3.410   -92.82740    0.00000                                mtd6
     649   3.424   -92.82738    0.00000    0.00000       4       1     mtd8
     650   3.752   -92.82686    0.00000    0.00006       5      21     mtd11
     651   3.752   -92.82686    0.00000                                mtd11
     652   3.752   -92.82686    0.00000                                mtd11
     653   3.752   -92.82686    0.00000                                mtd14
     654   3.752   -92.82686    0.00000                                mtd5
     655   3.752   -92.82686    0.00000                                mtd11
     656   3.752   -92.82686    0.00000                                mtd5
     657   3.752   -92.82686    0.00000                                mtd11
     658   3.752   -92.82686    0.00000                                mtd11
     659   3.752   -92.82686    0.00000                                mtd14
     660   3.752   -92.82686    0.00000                                mtd14
     661   3.752   -92.82686    0.00000                                mtd14
     662   3.752   -92.82686    0.00000                                mtd14
     663   3.752   -92.82686    0.00000                                mtd14
     664   3.752   -92.82686    0.00000                                mtd14
     665   3.753   -92.82685    0.00000                                mtd11
     666   3.753   -92.82685    0.00000                                mtd11
     667   3.756   -92.82685    0.00000                                mtd7
     668   3.756   -92.82685    0.00000                                mtd11
     669   3.757   -92.82685    0.00000                                mtd11
     670   3.761   -92.82684    0.00000                                mtd7
     671   4.593   -92.82552    0.00000    0.00000       6       4     mtd5
     672   4.593   -92.82552    0.00000                                mtd5
     673   4.594   -92.82552    0.00000                                mtd14
     674   4.594   -92.82551    0.00000                                mtd11
T /K                                  :   298.15
E lowest                              :   -92.83284
ensemble average energy (kcal)        :    0.002
ensemble entropy (J/mol K, cal/mol K) :   53.711   12.837
ensemble free energy (kcal/mol)       :   -3.827
population of lowest in %             :   99.959
 number of unique conformers for further calc            6
 list of relative energies saved as "crest.energies"
 
 -----------------
 Wall Time Summary
 -----------------
             test MD wall time :         0h : 0m :21s
                 MTD wall time :         0h :23m :18s
      multilevel OPT wall time :         0h :54m :20s
                  MD wall time :         0h :15m :45s
                  GC wall time :         0h : 2m :34s
--------------------
Overall wall time  : 1h :40m :15s
 
 CREST terminated normally.
