 
       ==============================================
       |                                            |
       |                 C R E S T                  |
       |                                            |
       |  Conformer-Rotamer Ensemble Sampling Tool  |
       |          based on the GFN methods          |
       |             P.Pracht, S.Grimme             |
       |          Universitaet Bonn, MCTC           |
       ==============================================
       Version 2.12,   Thu 19. Mai 16:32:32 CEST 2022
  Using the xTB program. Compatible with xTB version 6.4.0
 
   Cite work conducted with this code as

   • P.Pracht, F.Bohle, S.Grimme, PCCP, 2020, 22, 7169-7192.
   • S.Grimme, JCTC, 2019, 15, 2847-2862.

   and for works involving QCG as

   • S.Spicher, C.Plett, P.Pracht, A.Hansen, S.Grimme,
     JCTC, 2022, 18 (5), 3174-3189.
 
   with help from:
   C.Bannwarth, F.Bohle, S.Ehlert, S.Grimme,
   C.Plett, P.Pracht, S.Spicher
 
   This program is distributed in the hope that it will be useful,
   but WITHOUT ANY WARRANTY; without even the implied warranty of
   MERCHANTABILITY or FITNESS FOR A PARTICULAR PURPOSE.

 Command line input:
 > crest xtbopt.xyz --gfn2 --T 8 --chrg 0 --uhf 1 --alpb ch2cl2

  -gfn2 : Use of GFN2-xTB requested.
  --T 8 (CPUs/Threads selected)
  --chrg 0
  --uhf 1
  --alpb ch2cl2 : implicit solvation
 
 -------------------------
 xTB Geometry Optimization
 -------------------------
 Geometry successfully optimized.
 
------------------------------------------------
Generating MTD length from a flexibility measure
------------------------------------------------
 Calculating WBOs... done.
 Calculating NCI flexibility... done.
     covalent flexibility measure :   0.225
 non-covalent flexibility measure :   0.627
 flexibility measure :   0.261
 t(MTD) / ps    :    13.0
 Σ(t(MTD)) / ps :   182.0 (14 MTDs)
 
-------------------------------------
Starting a trial MTD to test settings
-------------------------------------
 Estimated runtime for one MTD (13.0 ps) on a single thread: 25 min 20 sec
 Estimated runtime for a batch of 14 MTDs on 8 threads: 50 min 40 sec
 
 list of Vbias parameters applied:
$metadyn    0.00300   1.300
$metadyn    0.00150   1.300
$metadyn    0.00075   1.300
$metadyn    0.00300   0.780
$metadyn    0.00150   0.780
$metadyn    0.00075   0.780
$metadyn    0.00300   0.468
$metadyn    0.00150   0.468
$metadyn    0.00075   0.468
$metadyn    0.00300   0.281
$metadyn    0.00150   0.281
$metadyn    0.00075   0.281
$metadyn    0.00100   0.100
$metadyn    0.00500   0.800
 
*******************************************************************************************
**                        N E W    I T E R A T I O N    C Y C L E                        **
*******************************************************************************************
 
========================================
            MTD Iteration  1
========================================
 
     ========================================
     |         Meta-MD (MTD) Sampling       |
     ========================================
 
Starting Meta-MD  14 with the settings:
     MD time /ps        :    13.0
     dt /fs             :     5.0
     dumpstep(trj) /fs  :     100
     dumpstep(Vbias)/ps :     1.0
     Vbias factor k /Eh :  0.3150
     Vbias exp α /bohr⁻²:    0.80
Starting Meta-MD   1 with the settings:
     MD time /ps        :    13.0
     dt /fs             :     5.0
     dumpstep(trj) /fs  :     100
     dumpstep(Vbias)/ps :     1.0
     Vbias factor k /Eh :  0.1890
     Vbias exp α /bohr⁻²:    1.30
Starting Meta-MD   3 with the settings:
     MD time /ps        :    13.0
     dt /fs             :     5.0
     dumpstep(trj) /fs  :     100
     dumpstep(Vbias)/ps :     1.0
     Vbias factor k /Eh :  0.0473
     Vbias exp α /bohr⁻²:    1.30
Starting Meta-MD   2 with the settings:
     MD time /ps        :    13.0
     dt /fs             :     5.0
     dumpstep(trj) /fs  :     100
     dumpstep(Vbias)/ps :     1.0
     Vbias factor k /Eh :  0.0945
     Vbias exp α /bohr⁻²:    1.30
Starting Meta-MD   4 with the settings:
     MD time /ps        :    13.0
     dt /fs             :     5.0
     dumpstep(trj) /fs  :     100
     dumpstep(Vbias)/ps :     1.0
     Vbias factor k /Eh :  0.1890
     Vbias exp α /bohr⁻²:    0.78
Starting Meta-MD   5 with the settings:
     MD time /ps        :    13.0
     dt /fs             :     5.0
     dumpstep(trj) /fs  :     100
     dumpstep(Vbias)/ps :     1.0
     Vbias factor k /Eh :  0.0945
     Vbias exp α /bohr⁻²:    0.78
Starting Meta-MD   6 with the settings:
     MD time /ps        :    13.0
     dt /fs             :     5.0
     dumpstep(trj) /fs  :     100
     dumpstep(Vbias)/ps :     1.0
     Vbias factor k /Eh :  0.0473
     Vbias exp α /bohr⁻²:    0.78
Starting Meta-MD   7 with the settings:
     MD time /ps        :    13.0
     dt /fs             :     5.0
     dumpstep(trj) /fs  :     100
     dumpstep(Vbias)/ps :     1.0
     Vbias factor k /Eh :  0.1890
     Vbias exp α /bohr⁻²:    0.47
*Meta-MTD 2 finished*
Starting Meta-MD   8 with the settings:
     MD time /ps        :    13.0
     dt /fs             :     5.0
     dumpstep(trj) /fs  :     100
     dumpstep(Vbias)/ps :     1.0
     Vbias factor k /Eh :  0.0945
     Vbias exp α /bohr⁻²:    0.47
*Meta-MTD 1 finished*
Starting Meta-MD   9 with the settings:
     MD time /ps        :    13.0
     dt /fs             :     5.0
     dumpstep(trj) /fs  :     100
     dumpstep(Vbias)/ps :     1.0
     Vbias factor k /Eh :  0.0473
     Vbias exp α /bohr⁻²:    0.47
*Meta-MTD 6 finished*
Starting Meta-MD  10 with the settings:
     MD time /ps        :    13.0
     dt /fs             :     5.0
     dumpstep(trj) /fs  :     100
     dumpstep(Vbias)/ps :     1.0
     Vbias factor k /Eh :  0.1890
     Vbias exp α /bohr⁻²:    0.28
*Meta-MTD 5 finished*
Starting Meta-MD  11 with the settings:
     MD time /ps        :    13.0
     dt /fs             :     5.0
     dumpstep(trj) /fs  :     100
     dumpstep(Vbias)/ps :     1.0
     Vbias factor k /Eh :  0.0945
     Vbias exp α /bohr⁻²:    0.28
*Meta-MTD 3 finished*
Starting Meta-MD  12 with the settings:
     MD time /ps        :    13.0
     dt /fs             :     5.0
     dumpstep(trj) /fs  :     100
     dumpstep(Vbias)/ps :     1.0
     Vbias factor k /Eh :  0.0473
     Vbias exp α /bohr⁻²:    0.28
*Meta-MTD 4 finished*
Starting Meta-MD  13 with the settings:
     MD time /ps        :    13.0
     dt /fs             :     5.0
     dumpstep(trj) /fs  :     100
     dumpstep(Vbias)/ps :     1.0
     Vbias factor k /Eh :  0.0630
     Vbias exp α /bohr⁻²:    0.10
*Meta-MTD 14 finished*
*Meta-MTD 7 finished*
*Meta-MTD 9 finished*
*Meta-MTD 8 finished*
*Meta-MTD 10 finished*
*Meta-MTD 12 finished*
*Meta-MTD 13 finished*
*Meta-MTD 11 finished*
 
-----------------------
Multilevel Optimization
-----------------------
 
 -------------------------
 1. crude pre-optimization
 -------------------------
 Optimizing all 1806 structures from file "crest_rotamers_0.xyz" ...
 1 2 3 4 5 6 7 8 9 10 11 12 13 14 15 16 17 18 19 20 21 22 23 24 25 26 27 28 29 30 31 32 33 34 35 36 37 38 39 40 41 42 43 44 45 46 47 48 49 50 51 52 53 54 55 56 57 58 59 60 61 62 63 64 65 66 67 68 69 70 71 72 73 74 75 76 77 78 79 80 81 82 83 84 85 86 87 88 89 90 91 92 93 94 95 96 97 98 99 100 101 102 103 104 105 106 107 108 109 110 111 112 113 114 115 116 117 118 119 120 121 122 123 124 125 126 127 128 129 130 131 132 133 134 135 136 137 138 139 140 141 142 143 144 145 146 147 148 149 150 151 152 153 154 155 156 157 158 159 160 161 162 163 164 165 166 167 168 169 170 171 172 173 174 175 176 177 178 179 180 181 182 183 184 185 186 187 188 189 190 191 192 193 194 195 196 197 198 199 200 201 202 203 204 205 206 207 208 209 210 211 212 213 214 215 216 217 218 219 220 221 222 223 224 225 226 227 228 229 230 231 232 233 234 235 236 237 238 239 240 241 242 243 244 245 246 247 248 249 250 251 252 253 254 255 256 257 258 259 260 261 262 263 264 265 266 267 268 269 270 271 272 273 274 275 276 277 278 279 280 281 282 283 284 285 286 287 288 289 290 291 292 293 294 295 296 297 298 299 300 301 302 303 304 305 306 307 308 309 310 311 312 313 314 315 316 317 318 319 320 321 322 323 324 325 326 327 328 329 330 331 332 333 334 335 336 337 338 339 340 341 342 343 344 345 346 347 348 349 350 351 352 353 354 355 356 357 358 359 360 361 362 363 364 365 366 367 368 369 370 371 372 373 374 375 376 377 378 379 380 381 382 383 384 385 386 387 388 389 390 391 392 393 394 395 396 397 398 399 400 401 402 403 404 405 406 407 408 409 410 411 412 413 414 415 416 417 418 419 420 421 422 423 424 425 426 427 428 429 430 431 432 433 434 435 436 437 438 439 440 441 442 443 444 445 446 447 448 449 450 451 452 453 454 455 456 457 458 459 460 461 462 463 464 465 466 467 468 469 470 471 472 473 474 475 476 477 478 479 480 481 482 483 484 485 486 487 488 489 490 491 492 493 494 495 496 497 498 499 500 501 502 503 504 505 506 507 508 509 510 511 512 513 514 515 516 517 518 519 520 521 522 523 524 525 526 527 528 529 530 531 532 533 534 535 536 537 538 539 540 541 542 543 544 545 546 547 548 549 550 551 552 553 554 555 556 557 558 559 560 561 562 563 564 565 566 567 568 569 570 571 572 573 574 575 576 577 578 579 580 581 582 583 584 585 586 587 588 589 590 591 592 593 594 595 596 597 598 599 600 601 602 603 604 605 606 607 608 609 610 611 612 613 614 615 616 617 618 619 620 621 622 623 624 625 626 627 628 629 630 631 632 633 634 635 636 637 638 639 640 641 642 643 644 645 646 647 648 649 650 651 652 653 654 655 656 657 658 659 660 661 662 663 664 665 666 667 668 669 670 671 672 673 674 675 676 677 678 679 680 681 682 683 684 685 686 687 688 689 690 691 692 693 694 695 696 697 698 699 700 701 702 703 704 705 706 707 708 709 710 711 712 713 714 715 716 717 718 719 720 721 722 723 724 725 726 727 728 729 730 731 732 733 734 735 736 737 738 739 740 741 742 743 744 745 746 747 748 749 750 751 752 753 754 755 756 757 758 759 760 761 762 763 764 765 766 767 768 769 770 771 772 773 774 775 776 777 778 779 780 781 782 783 784 785 786 787 788 789 790 791 792 793 794 795 796 797 798 799 800 801 802 803 804 805 806 807 808 809 810 811 812 813 814 815 816 817 818 819 820 821 822 823 824 825 826 827 828 829 830 831 832 833 834 835 836 837 838 839 840 841 842 843 844 845 846 847 848 849 850 851 852 853 854 855 856 857 858 859 860 861 862 863 864 865 866 867 868 869 870 871 872 873 874 875 876 877 878 879 880 881 882 883 884 885 886 887 888 889 890 891 892 893 894 895 896 897 898 899 900 901 902 903 904 905 906 907 908 909 910 911 912 913 914 915 916 917 918 919 920 921 922 923 924 925 926 927 928 929 930 931 932 933 934 935 936 937 938 939 940 941 942 943 944 945 946 947 948 949 950 951 952 953 954 955 956 957 958 959 960 961 962 963 964 965 966 967 968 969 970 971 972 973 974 975 976 977 978 979 980 981 982 983 984 985 986 987 988 989 990 991 992 993 994 995 996 997 998 999 1000 1001 1002 1003 1004 1005 1006 1007 1008 1009 1010 1011 1012 1013 1014 1015 1016 1017 1018 1019 1020 1021 1022 1023 1024 1025 1026 1027 1028 1029 1030 1031 1032 1033 1034 1035 1036 1037 1038 1039 1040 1041 1042 1043 1044 1045 1046 1047 1048 1049 1050 1051 1052 1053 1054 1055 1056 1057 1058 1059 1060 1061 1062 1063 1064 1065 1066 1067 1068 1069 1070 1071 1072 1073 1074 1075 1076 1077 1078 1079 1080 1081 1082 1083 1084 1085 1086 1087 1088 1089 1090 1091 1092 1093 1094 1095 1096 1097 1098 1099 1100 1101 1102 1103 1104 1105 1106 1107 1108 1109 1110 1111 1112 1113 1114 1115 1116 1117 1118 1119 1120 1121 1122 1123 1124 1125 1126 1127 1128 1129 1130 1131 1132 1133 1134 1135 1136 1137 1138 1139 1140 1141 1142 1143 1144 1145 1146 1147 1148 1149 1150 1151 1152 1153 1154 1155 1156 1157 1158 1159 1160 1161 1162 1163 1164 1165 1166 1167 1168 1169 1170 1171 1172 1173 1174 1175 1176 1177 1178 1179 1180 1181 1182 1183 1184 1185 1186 1187 1188 1189 1190 1191 1192 1193 1194 1195 1196 1197 1198 1199 1200 1201 1202 1203 1204 1205 1206 1207 1208 1209 1210 1211 1212 1213 1214 1215 1216 1217 1218 1219 1220 1221 1222 1223 1224 1225 1226 1227 1228 1229 1230 1231 1232 1233 1234 1235 1236 1237 1238 1239 1240 1241 1242 1243 1244 1245 1246 1247 1248 1249 1250 1251 1252 1253 1254 1255 1256 1257 1258 1259 1260 1261 1262 1263 1264 1265 1266 1267 1268 1269 1270 1271 1272 1273 1274 1275 1276 1277 1278 1279 1280 1281 1282 1283 1284 1285 1286 1287 1288 1289 1290 1291 1292 1293 1294 1295 1296 1297 1298 1299 1300 1301 1302 1303 1304 1305 1306 1307 1308 1309 1310 1311 1312 1313 1314 1315 1316 1317 1318 1319 1320 1321 1322 1323 1324 1325 1326 1327 1328 1329 1330 1331 1332 1333 1334 1335 1336 1337 1338 1339 1340 1341 1342 1343 1344 1345 1346 1347 1348 1349 1350 1351 1352 1353 1354 1355 1356 1357 1358 1359 1360 1361 1362 1363 1364 1365 1366 1367 1368 1369 1370 1371 1372 1373 1374 1375 1376 1377 1378 1379 1380 1381 1382 1383 1384 1385 1386 1387 1388 1389 1390 1391 1392 1393 1394 1395 1396 1397 1398 1399 1400 1401 1402 1403 1404 1405 1406 1407 1408 1409 1410 1411 1412 1413 1414 1415 1416 1417 1418 1419 1420 1421 1422 1423 1424 1425 1426 1427 1428 1429 1430 1431 1432 1433 1434 1435 1436 1437 1438 1439 1440 1441 1442 1443 1444 1445 1446 1447 1448 1449 1450 1451 1452 1453 1454 1455 1456 1457 1458 1459 1460 1461 1462 1463 1464 1465 1466 1467 1468 1469 1470 1471 1472 1473 1474 1475 1476 1477 1478 1479 1480 1481 1482 1483 1484 1485 1486 1487 1488 1489 1490 1491 1492 1493 1494 1495 1496 1497 1498 1499 1500 1501 1502 1503 1504 1505 1506 1507 1508 1509 1510 1511 1512 1513 1514 1515 1516 1517 1518 1519 1520 1521 1522 1523 1524 1525 1526 1527 1528 1529 1530 1531 1532 1533 1534 1535 1536 1537 1538 1539 1540 1541 1542 1543 1544 1545 1546 1547 1548 1549 1550 1551 1552 1553 1554 1555 1556 1557 1558 1559 1560 1561 1562 1563 1564 1565 1566 1567 1568 1569 1570 1571 1572 1573 1574 1575 1576 1577 1578 1579 1580 1581 1582 1583 1584 1585 1586 1587 1588 1589 1590 1591 1592 1593 1594 1595 1596 1597 1598 1599 1600 1601 1602 1603 1604 1605 1606 1607 1608 1609 1610 1611 1612 1613 1614 1615 1616 1617 1618 1619 1620 1621 1622 1623 1624 1625 1626 1627 1628 1629 1630 1631 1632 1633 1634 1635 1636 1637 1638 1639 1640 1641 1642 1643 1644 1645 1646 1647 1648 1649 1650 1651 1652 1653 1654 1655 1656 1657 1658 1659 1660 1661 1662 1663 1664 1665 1666 1667 1668 1669 1670 1671 1672 1673 1674 1675 1676 1677 1678 1679 1680 1681 1682 1683 1684 1685 1686 1687 1688 1689 1690 1691 1692 1693 1694 1695 1696 1697 1698 1699 1700 1701 1702 1703 1704 1705 1706 1707 1708 1709 1710 1711 1712 1713 1714 1715 1716 1717 1718 1719 1720 1721 1722 1723 1724 1725 1726 1727 1728 1729 1730 1731 1732 1733 1734 1735 1736 1737 1738 1739 1740 1741 1742 1743 1744 1745 1746 1747 1748 1749 1750 1751 1752 1753 1754 1755 1756 1757 1758 1759 1760 1761 1762 1763 1764 1765 1766 1767 1768 1769 1770 1771 1772 1773 1774 1775 1776 1777 1778 1779 1780 1781 1782 1783 1784 1785 1786 1787 1788 1789 1790 1791 1792 1793 1794 1795 1796 1797 1798 1799 1800 1801 1802 1803 1804 1805 1806
 done.
 running RMSDs...
 done.
 E lowest :   -92.92133
 163 structures remain within    12.00 kcal/mol window
 
 -------------------------------------
 2. optimization with tight thresholds
 -------------------------------------
 Optimizing all 164 structures from file "crest_rotamers_1.xyz" ...
 1 2 3 4 5 6 7 8 9 10 11 12 13 14 15 16 17 18 19 20 21 22 23 24 25 26 27 28 29 30 31 32 33 34 35 36 37 38 39 40 41 42 43 44 45 46 47 48 49 50 51 52 53 54 55 56 57 58 59 60 61 62 63 64 65 66 67 68 69 70 71 72 73 74 75 76 77 78 79 80 81 82 83 84 85 86 87 88 89 90 91 92 93 94 95 96 97 98 99 100 101 102 103 104 105 106 107 108 109 110 111 112 113 114 115 116 117 118 119 120 121 122 123 124 125 126 127 128 129 130 131 132 133 134 135 136 137 138 139 140 141 142 143 144 145 146 147 148 149 150 151 152 153 154 155 156 157 158 159 160 161 162 163 164
 done.
 running RMSDs...
 done.
 E lowest :   -92.92212
 96 structures remain within     6.00 kcal/mol window
 
 
========================================
            MTD Iteration  2
========================================
 
     ========================================
     |         Meta-MD (MTD) Sampling       |
     ========================================
 
Starting Meta-MD   1 with the settings:
     MD time /ps        :    13.0
     dt /fs             :     5.0
     dumpstep(trj) /fs  :     100
     dumpstep(Vbias)/ps :     1.0
     Vbias factor k /Eh :  0.1890
     Vbias exp α /bohr⁻²:    1.30
Starting Meta-MD  12 with the settings:
     MD time /ps        :    13.0
     dt /fs             :     5.0
     dumpstep(trj) /fs  :     100
     dumpstep(Vbias)/ps :     1.0
     Vbias factor k /Eh :  0.0473
     Vbias exp α /bohr⁻²:    0.28
Starting Meta-MD   2 with the settings:
     MD time /ps        :    13.0
     dt /fs             :     5.0
     dumpstep(trj) /fs  :     100
     dumpstep(Vbias)/ps :     1.0
     Vbias factor k /Eh :  0.0945
     Vbias exp α /bohr⁻²:    1.30
Starting Meta-MD   3 with the settings:
     MD time /ps        :    13.0
     dt /fs             :     5.0
     dumpstep(trj) /fs  :     100
     dumpstep(Vbias)/ps :     1.0
     Vbias factor k /Eh :  0.0473
     Vbias exp α /bohr⁻²:    1.30
Starting Meta-MD   4 with the settings:
     MD time /ps        :    13.0
     dt /fs             :     5.0
     dumpstep(trj) /fs  :     100
     dumpstep(Vbias)/ps :     1.0
     Vbias factor k /Eh :  0.1890
     Vbias exp α /bohr⁻²:    0.78
Starting Meta-MD   5 with the settings:
     MD time /ps        :    13.0
     dt /fs             :     5.0
     dumpstep(trj) /fs  :     100
     dumpstep(Vbias)/ps :     1.0
     Vbias factor k /Eh :  0.0945
     Vbias exp α /bohr⁻²:    0.78
Starting Meta-MD   6 with the settings:
     MD time /ps        :    13.0
     dt /fs             :     5.0
     dumpstep(trj) /fs  :     100
     dumpstep(Vbias)/ps :     1.0
     Vbias factor k /Eh :  0.0473
     Vbias exp α /bohr⁻²:    0.78
Starting Meta-MD   7 with the settings:
     MD time /ps        :    13.0
     dt /fs             :     5.0
     dumpstep(trj) /fs  :     100
     dumpstep(Vbias)/ps :     1.0
     Vbias factor k /Eh :  0.1890
     Vbias exp α /bohr⁻²:    0.47
*Meta-MTD 6 finished*
Starting Meta-MD   8 with the settings:
     MD time /ps        :    13.0
     dt /fs             :     5.0
     dumpstep(trj) /fs  :     100
     dumpstep(Vbias)/ps :     1.0
     Vbias factor k /Eh :  0.0945
     Vbias exp α /bohr⁻²:    0.47
*Meta-MTD 5 finished*
Starting Meta-MD   9 with the settings:
     MD time /ps        :    13.0
     dt /fs             :     5.0
     dumpstep(trj) /fs  :     100
     dumpstep(Vbias)/ps :     1.0
     Vbias factor k /Eh :  0.0473
     Vbias exp α /bohr⁻²:    0.47
*Meta-MTD 12 finished*
Starting Meta-MD  11 with the settings:
     MD time /ps        :    13.0
     dt /fs             :     5.0
     dumpstep(trj) /fs  :     100
     dumpstep(Vbias)/ps :     1.0
     Vbias factor k /Eh :  0.0945
     Vbias exp α /bohr⁻²:    0.28
*Meta-MTD 7 finished*
Starting Meta-MD  10 with the settings:
     MD time /ps        :    13.0
     dt /fs             :     5.0
     dumpstep(trj) /fs  :     100
     dumpstep(Vbias)/ps :     1.0
     Vbias factor k /Eh :  0.1890
     Vbias exp α /bohr⁻²:    0.28
*Meta-MTD 2 finished*
*Meta-MTD 4 finished*
*Meta-MTD 3 finished*
*Meta-MTD 1 finished*
*Meta-MTD 8 finished*
*Meta-MTD 11 finished*
*Meta-MTD 9 finished*
*Meta-MTD 10 finished*
 
-----------------------
Multilevel Optimization
-----------------------
 
 -------------------------
 1. crude pre-optimization
 -------------------------
 Optimizing all 1548 structures from file "crest_rotamers_0.xyz" ...
 1 2 3 4 5 6 7 8 9 10 11 12 13 14 15 16 17 18 19 20 21 22 23 24 25 26 27 28 29 30 31 32 33 34 35 36 37 38 39 40 41 42 43 44 45 46 47 48 49 50 51 52 53 54 55 56 57 58 59 60 61 62 63 64 65 66 67 68 69 70 71 72 73 74 75 76 77 78 79 80 81 82 83 84 85 86 87 88 89 90 91 92 93 94 95 96 97 98 99 100 101 102 103 104 105 106 107 108 109 110 111 112 113 114 115 116 117 118 119 120 121 122 123 124 125 126 127 128 129 130 131 132 133 134 135 136 137 138 139 140 141 142 143 144 145 146 147 148 149 150 151 152 153 154 155 156 157 158 159 160 161 162 163 164 165 166 167 168 169 170 171 172 173 174 175 176 177 178 179 180 181 182 183 184 185 186 187 188 189 190 191 192 193 194 195 196 197 198 199 200 201 202 203 204 205 206 207 208 209 210 211 212 213 214 215 216 217 218 219 220 221 222 223 224 225 226 227 228 229 230 231 232 233 234 235 236 237 238 239 240 241 242 243 244 245 246 247 248 249 250 251 252 253 254 255 256 257 258 259 260 261 262 263 264 265 266 267 268 269 270 271 272 273 274 275 276 277 278 279 280 281 282 283 284 285 286 287 288 289 290 291 292 293 294 295 296 297 298 299 300 301 302 303 304 305 306 307 308 309 310 311 312 313 314 315 316 317 318 319 320 321 322 323 324 325 326 327 328 329 330 331 332 333 334 335 336 337 338 339 340 341 342 343 344 345 346 347 348 349 350 351 352 353 354 355 356 357 358 359 360 361 362 363 364 365 366 367 368 369 370 371 372 373 374 375 376 377 378 379 380 381 382 383 384 385 386 387 388 389 390 391 392 393 394 395 396 397 398 399 400 401 402 403 404 405 406 407 408 409 410 411 412 413 414 415 416 417 418 419 420 421 422 423 424 425 426 427 428 429 430 431 432 433 434 435 436 437 438 439 440 441 442 443 444 445 446 447 448 449 450 451 452 453 454 455 456 457 458 459 460 461 462 463 464 465 466 467 468 469 470 471 472 473 474 475 476 477 478 479 480 481 482 483 484 485 486 487 488 489 490 491 492 493 494 495 496 497 498 499 500 501 502 503 504 505 506 507 508 509 510 511 512 513 514 515 516 517 518 519 520 521 522 523 524 525 526 527 528 529 530 531 532 533 534 535 536 537 538 539 540 541 542 543 544 545 546 547 548 549 550 551 552 553 554 555 556 557 558 559 560 561 562 563 564 565 566 567 568 569 570 571 572 573 574 575 576 577 578 579 580 581 582 583 584 585 586 587 588 589 590 591 592 593 594 595 596 597 598 599 600 601 602 603 604 605 606 607 608 609 610 611 612 613 614 615 616 617 618 619 620 621 622 623 624 625 626 627 628 629 630 631 632 633 634 635 636 637 638 639 640 641 642 643 644 645 646 647 648 649 650 651 652 653 654 655 656 657 658 659 660 661 662 663 664 665 666 667 668 669 670 671 672 673 674 675 676 677 678 679 680 681 682 683 684 685 686 687 688 689 690 691 692 693 694 695 696 697 698 699 700 701 702 703 704 705 706 707 708 709 710 711 712 713 714 715 716 717 718 719 720 721 722 723 724 725 726 727 728 729 730 731 732 733 734 735 736 737 738 739 740 741 742 743 744 745 746 747 748 749 750 751 752 753 754 755 756 757 758 759 760 761 762 763 764 765 766 767 768 769 770 771 772 773 774 775 776 777 778 779 780 781 782 783 784 785 786 787 788 789 790 791 792 793 794 795 796 797 798 799 800 801 802 803 804 805 806 807 808 809 810 811 812 813 814 815 816 817 818 819 820 821 822 823 824 825 826 827 828 829 830 831 832 833 834 835 836 837 838 839 840 841 842 843 844 845 846 847 848 849 850 851 852 853 854 855 856 857 858 859 860 861 862 863 864 865 866 867 868 869 870 871 872 873 874 875 876 877 878 879 880 881 882 883 884 885 886 887 888 889 890 891 892 893 894 895 896 897 898 899 900 901 902 903 904 905 906 907 908 909 910 911 912 913 914 915 916 917 918 919 920 921 922 923 924 925 926 927 928 929 930 931 932 933 934 935 936 937 938 939 940 941 942 943 944 945 946 947 948 949 950 951 952 953 954 955 956 957 958 959 960 961 962 963 964 965 966 967 968 969 970 971 972 973 974 975 976 977 978 979 980 981 982 983 984 985 986 987 988 989 990 991 992 993 994 995 996 997 998 999 1000 1001 1002 1003 1004 1005 1006 1007 1008 1009 1010 1011 1012 1013 1014 1015 1016 1017 1018 1019 1020 1021 1022 1023 1024 1025 1026 1027 1028 1029 1030 1031 1032 1033 1034 1035 1036 1037 1038 1039 1040 1041 1042 1043 1044 1045 1046 1047 1048 1049 1050 1051 1052 1053 1054 1055 1056 1057 1058 1059 1060 1061 1062 1063 1064 1065 1066 1067 1068 1069 1070 1071 1072 1073 1074 1075 1076 1077 1078 1079 1080 1081 1082 1083 1084 1085 1086 1087 1088 1089 1090 1091 1092 1093 1094 1095 1096 1097 1098 1099 1100 1101 1102 1103 1104 1105 1106 1107 1108 1109 1110 1111 1112 1113 1114 1115 1116 1117 1118 1119 1120 1121 1122 1123 1124 1125 1126 1127 1128 1129 1130 1131 1132 1133 1134 1135 1136 1137 1138 1139 1140 1141 1142 1143 1144 1145 1146 1147 1148 1149 1150 1151 1152 1153 1154 1155 1156 1157 1158 1159 1160 1161 1162 1163 1164 1165 1166 1167 1168 1169 1170 1171 1172 1173 1174 1175 1176 1177 1178 1179 1180 1181 1182 1183 1184 1185 1186 1187 1188 1189 1190 1191 1192 1193 1194 1195 1196 1197 1198 1199 1200 1201 1202 1203 1204 1205 1206 1207 1208 1209 1210 1211 1212 1213 1214 1215 1216 1217 1218 1219 1220 1221 1222 1223 1224 1225 1226 1227 1228 1229 1230 1231 1232 1233 1234 1235 1236 1237 1238 1239 1240 1241 1242 1243 1244 1245 1246 1247 1248 1249 1250 1251 1252 1253 1254 1255 1256 1257 1258 1259 1260 1261 1262 1263 1264 1265 1266 1267 1268 1269 1270 1271 1272 1273 1274 1275 1276 1277 1278 1279 1280 1281 1282 1283 1284 1285 1286 1287 1288 1289 1290 1291 1292 1293 1294 1295 1296 1297 1298 1299 1300 1301 1302 1303 1304 1305 1306 1307 1308 1309 1310 1311 1312 1313 1314 1315 1316 1317 1318 1319 1320 1321 1322 1323 1324 1325 1326 1327 1328 1329 1330 1331 1332 1333 1334 1335 1336 1337 1338 1339 1340 1341 1342 1343 1344 1345 1346 1347 1348 1349 1350 1351 1352 1353 1354 1355 1356 1357 1358 1359 1360 1361 1362 1363 1364 1365 1366 1367 1368 1369 1370 1371 1372 1373 1374 1375 1376 1377 1378 1379 1380 1381 1382 1383 1384 1385 1386 1387 1388 1389 1390 1391 1392 1393 1394 1395 1396 1397 1398 1399 1400 1401 1402 1403 1404 1405 1406 1407 1408 1409 1410 1411 1412 1413 1414 1415 1416 1417 1418 1419 1420 1421 1422 1423 1424 1425 1426 1427 1428 1429 1430 1431 1432 1433 1434 1435 1436 1437 1438 1439 1440 1441 1442 1443 1444 1445 1446 1447 1448 1449 1450 1451 1452 1453 1454 1455 1456 1457 1458 1459 1460 1461 1462 1463 1464 1465 1466 1467 1468 1469 1470 1471 1472 1473 1474 1475 1476 1477 1478 1479 1480 1481 1482 1483 1484 1485 1486 1487 1488 1489 1490 1491 1492 1493 1494 1495 1496 1497 1498 1499 1500 1501 1502 1503 1504 1505 1506 1507 1508 1509 1510 1511 1512 1513 1514 1515 1516 1517 1518 1519 1520 1521 1522 1523 1524 1525 1526 1527 1528 1529 1530 1531 1532 1533 1534 1535 1536 1537 1538 1539 1540 1541 1542 1543 1544 1545 1546 1547 1548
 done.
 running RMSDs...
 done.
 E lowest :   -92.92122
 202 structures remain within    12.00 kcal/mol window
 
 -------------------------------------
 2. optimization with tight thresholds
 -------------------------------------
 Optimizing all 203 structures from file "crest_rotamers_1.xyz" ...
 1 2 3 4 5 6 7 8 9 10 11 12 13 14 15 16 17 18 19 20 21 22 23 24 25 26 27 28 29 30 31 32 33 34 35 36 37 38 39 40 41 42 43 44 45 46 47 48 49 50 51 52 53 54 55 56 57 58 59 60 61 62 63 64 65 66 67 68 69 70 71 72 73 74 75 76 77 78 79 80 81 82 83 84 85 86 87 88 89 90 91 92 93 94 95 96 97 98 99 100 101 102 103 104 105 106 107 108 109 110 111 112 113 114 115 116 117 118 119 120 121 122 123 124 125 126 127 128 129 130 131 132 133 134 135 136 137 138 139 140 141 142 143 144 145 146 147 148 149 150 151 152 153 154 155 156 157 158 159 160 161 162 163 164 165 166 167 168 169 170 171 172 173 174 175 176 177 178 179 180 181 182 183 184 185 186 187 188 189 190 191 192 193 194 195 196 197 198 199 200 201 202 203
 done.
 running RMSDs...
 done.
 E lowest :   -92.92212
 116 structures remain within     6.00 kcal/mol window
 
========================================
            MTD Iterations done         
========================================
 Collecting ensmbles.
 running RMSDs...
 done.
 E lowest :   -92.92212
 210 structures remain within     6.00 kcal/mol window
 
-----------------------------------------------
Additional regular MDs on lowest 3 conformer(s)
-----------------------------------------------
Starting MD   1 with the settings:
     MD time /ps        :     6.5
     MD Temperature /K  :   400.0
     dt /fs             :     5.0
     dumpstep(trj) /fs  :     100
Starting MD   2 with the settings:
     MD time /ps        :     6.5
     MD Temperature /K  :   500.0
     dt /fs             :     5.0
     dumpstep(trj) /fs  :     100
Starting MD   3 with the settings:
     MD time /ps        :     6.5
     MD Temperature /K  :   400.0
     dt /fs             :     5.0
     dumpstep(trj) /fs  :     100
Starting MD   4 with the settings:
     MD time /ps        :     6.5
     MD Temperature /K  :   500.0
     dt /fs             :     5.0
     dumpstep(trj) /fs  :     100
Starting MD   5 with the settings:
     MD time /ps        :     6.5
     MD Temperature /K  :   400.0
     dt /fs             :     5.0
     dumpstep(trj) /fs  :     100
Starting MD   6 with the settings:
     MD time /ps        :     6.5
     MD Temperature /K  :   500.0
     dt /fs             :     5.0
     dumpstep(trj) /fs  :     100
*MD 3 finished*
*MD 1 finished*
*MD 5 finished*
*MD 6 finished*
*MD 2 finished*
*MD 4 finished*
 Appending file crest_rotamers_1.xyz with new structures
 
 -------------------------------------------
 Ensemble optimization with tight thresholds
 -------------------------------------------
 Optimizing all 594 structures from file "crest_rotamers_1.xyz" ...
 1 2 3 4 5 6 7 8 9 10 11 12 13 14 15 16 17 18 19 20 21 22 23 24 25 26 27 28 29 30 31 32 33 34 35 36 37 38 39 40 41 42 43 44 45 46 47 48 49 50 51 52 53 54 55 56 57 58 59 60 61 62 63 64 65 66 67 68 69 70 71 72 73 74 75 76 77 78 79 80 81 82 83 84 85 86 87 88 89 90 91 92 93 94 95 96 97 98 99 100 101 102 103 104 105 106 107 108 109 110 111 112 113 114 115 116 117 118 119 120 121 122 123 124 125 126 127 128 129 130 131 132 133 134 135 136 137 138 139 140 141 142 143 144 145 146 147 148 149 150 151 152 153 154 155 156 157 158 159 160 161 162 163 164 165 166 167 168 169 170 171 172 173 174 175 176 177 178 179 180 181 182 183 184 185 186 187 188 189 190 191 192 193 194 195 196 197 198 199 200 201 202 203 204 205 206 207 208 209 210 211 212 213 214 215 216 217 218 219 220 221 222 223 224 225 226 227 228 229 230 231 232 233 234 235 236 237 238 239 240 241 242 243 244 245 246 247 248 249 250 251 252 253 254 255 256 257 258 259 260 261 262 263 264 265 266 267 268 269 270 271 272 273 274 275 276 277 278 279 280 281 282 283 284 285 286 287 288 289 290 291 292 293 294 295 296 297 298 299 300 301 302 303 304 305 306 307 308 309 310 311 312 313 314 315 316 317 318 319 320 321 322 323 324 325 326 327 328 329 330 331 332 333 334 335 336 337 338 339 340 341 342 343 344 345 346 347 348 349 350 351 352 353 354 355 356 357 358 359 360 361 362 363 364 365 366 367 368 369 370 371 372 373 374 375 376 377 378 379 380 381 382 383 384 385 386 387 388 389 390 391 392 393 394 395 396 397 398 399 400 401 402 403 404 405 406 407 408 409 410 411 412 413 414 415 416 417 418 419 420 421 422 423 424 425 426 427 428 429 430 431 432 433 434 435 436 437 438 439 440 441 442 443 444 445 446 447 448 449 450 451 452 453 454 455 456 457 458 459 460 461 462 463 464 465 466 467 468 469 470 471 472 473 474 475 476 477 478 479 480 481 482 483 484 485 486 487 488 489 490 491 492 493 494 495 496 497 498 499 500 501 502 503 504 505 506 507 508 509 510 511 512 513 514 515 516 517 518 519 520 521 522 523 524 525 526 527 528 529 530 531 532 533 534 535 536 537 538 539 540 541 542 543 544 545 546 547 548 549 550 551 552 553 554 555 556 557 558 559 560 561 562 563 564 565 566 567 568 569 570 571 572 573 574 575 576 577 578 579 580 581 582 583 584 585 586 587 588 589 590 591 592 593 594
 done.
 running RMSDs...
 done.
 E lowest :   -92.92212
 230 structures remain within     6.00 kcal/mol window
 
 
     ========================================
     |        Structure Crossing (GC)       |
     ========================================
 =============================
  # threads =           8
 =============================
 input  file name : crest_rotamers_3.xyz
number of atoms                :    63
number of points on xyz files  :   230
conformer energy window  /kcal :    6.00
CN per atom difference cut-off :  0.3000
RMSD threshold                 :  0.2500
max. # of generated structures : 650
 reading xyz file ...
 # in E window                230
 generating pairs ...       26564
  52.6 % done
  91.7 % done
 generated pairs           :         618
 number of clash discarded :       25717
 average rmsd w.r.t input  : 1.43430
 sd of ensemble            : 0.34435
 number of new structures      :         496
 removed identical structures  :         122
 writing          496  TMPCONF* dirs ...
 --------------------------
 GC: loose pre-optimization
 --------------------------
 Starting optimization of generated structures
 496 jobs to do.
 1 2 3 4 5 6 7 8 9 10 11 12 13 14 15 16 17 18 19 20 21 22 23 24 25 26 27 28 29 30 31 32 33 34 35 36 37 38 39 40 41 42 43 44 45 46 47 48 49 50 51 52 53 54 55 56 57 58 59 60 61 62 63 64 65 66 67 68 69 70 71 72 73 74 75 76 77 78 79 80 81 82 83 84 85 86 87 88 89 90 91 92 93 94 95 96 97 98 99 100 101 102 103 104 105 106 107 108 109 110 111 112 113 114 115 116 117 118 119 120 121 122 123 124 125 126 127 128 129 130 131 132 133 134 135 136 137 138 139 140 141 142 143 144 145 146 147 148 149 150 151 152 153 154 155 156 157 158 159 160 161 162 163 164 165 166 167 168 169 170 171 172 173 174 175 176 177 178 179 180 181 182 183 184 185 186 187 188 189 190 191 192 193 194 195 196 197 198 199 200 201 202 203 204 205 206 207 208 209 210 211 212 213 214 215 216 217 218 219 220 221 222 223 224 225 226 227 228 229 230 231 232 233 234 235 236 237 238 239 240 241 242 243 244 245 246 247 248 249 250 251 252 253 254 255 256 257 258 259 260 261 262 263 264 265 266 267 268 269 270 271 272 273 274 275 276 277 278 279 280 281 282 283 284 285 286 287 288 289 290 291 292 293 294 295 296 297 298 299 300 301 302 303 304 305 306 307 308 309 310 311 312 313 314 315 316 317 318 319 320 321 322 323 324 325 326 327 328 329 330 331 332 333 334 335 336 337 338 339 340 341 342 343 344 345 346 347 348 349 350 351 352 353 354 355 356 357 358 359 360 361 362 363 364 365 366 367 368 369 370 371 372 373 374 375 376 377 378 379 380 381 382 383 384 385 386 387 388 389 390 391 392 393 394 395 396 397 398 399 400 401 402 403 404 405 406 407 408 409 410 411 412 413 414 415 416 417 418 419 420 421 422 423 424 425 426 427 428 429 430 431 432 433 434 435 436 437 438 439 440 441 442 443 444 445 446 447 448 449 450 451 452 453 454 455 456 457 458 459 460 461 462 463 464 465 466 467 468 469 470 471 472 473 474 475 476 477 478 479 480 481 482 483 484 485 486 487 488 489 490 491 492 493 494 495 496 
 done.
 Now appending opt.xyz file with new structures
 running RMSDs...
 done.
 E lowest :   -92.92211
 491 structures remain within    10.00 kcal/mol window
 --------------------------------------
 GC: optimization with tight thresholds
 --------------------------------------
 Optimizing all 491 structures from file "crest_rotamers_1.xyz" ...
 1 2 3 4 5 6 7 8 9 10 11 12 13 14 15 16 17 18 19 20 21 22 23 24 25 26 27 28 29 30 31 32 33 34 35 36 37 38 39 40 41 42 43 44 45 46 47 48 49 50 51 52 53 54 55 56 57 58 59 60 61 62 63 64 65 66 67 68 69 70 71 72 73 74 75 76 77 78 79 80 81 82 83 84 85 86 87 88 89 90 91 92 93 94 95 96 97 98 99 100 101 102 103 104 105 106 107 108 109 110 111 112 113 114 115 116 117 118 119 120 121 122 123 124 125 126 127 128 129 130 131 132 133 134 135 136 137 138 139 140 141 142 143 144 145 146 147 148 149 150 151 152 153 154 155 156 157 158 159 160 161 162 163 164 165 166 167 168 169 170 171 172 173 174 175 176 177 178 179 180 181 182 183 184 185 186 187 188 189 190 191 192 193 194 195 196 197 198 199 200 201 202 203 204 205 206 207 208 209 210 211 212 213 214 215 216 217 218 219 220 221 222 223 224 225 226 227 228 229 230 231 232 233 234 235 236 237 238 239 240 241 242 243 244 245 246 247 248 249 250 251 252 253 254 255 256 257 258 259 260 261 262 263 264 265 266 267 268 269 270 271 272 273 274 275 276 277 278 279 280 281 282 283 284 285 286 287 288 289 290 291 292 293 294 295 296 297 298 299 300 301 302 303 304 305 306 307 308 309 310 311 312 313 314 315 316 317 318 319 320 321 322 323 324 325 326 327 328 329 330 331 332 333 334 335 336 337 338 339 340 341 342 343 344 345 346 347 348 349 350 351 352 353 354 355 356 357 358 359 360 361 362 363 364 365 366 367 368 369 370 371 372 373 374 375 376 377 378 379 380 381 382 383 384 385 386 387 388 389 390 391 392 393 394 395 396 397 398 399 400 401 402 403 404 405 406 407 408 409 410 411 412 413 414 415 416 417 418 419 420 421 422 423 424 425 426 427 428 429 430 431 432 433 434 435 436 437 438 439 440 441 442 443 444 445 446 447 448 449 450 451 452 453 454 455 456 457 458 459 460 461 462 463 464 465 466 467 468 469 470 471 472 473 474 475 476 477 478 479 480 481 482 483 484 485 486 487 488 489 490 491
 done.
 running RMSDs...
 done.
 E lowest :   -92.92212
 
 
   ================================================
   |           Final Geometry Optimization        |
   ================================================
 ------------------------------------------------
 Ensemble optimization with very tight thresholds
 ------------------------------------------------
 Optimizing all 717 structures from file "crest_rotamers_4.xyz" ...
 1 2 3 4 5 6 7 8 9 10 11 12 13 14 15 16 17 18 19 20 21 22 23 24 25 26 27 28 29 30 31 32 33 34 35 36 37 38 39 40 41 42 43 44 45 46 47 48 49 50 51 52 53 54 55 56 57 58 59 60 61 62 63 64 65 66 67 68 69 70 71 72 73 74 75 76 77 78 79 80 81 82 83 84 85 86 87 88 89 90 91 92 93 94 95 96 97 98 99 100 101 102 103 104 105 106 107 108 109 110 111 112 113 114 115 116 117 118 119 120 121 122 123 124 125 126 127 128 129 130 131 132 133 134 135 136 137 138 139 140 141 142 143 144 145 146 147 148 149 150 151 152 153 154 155 156 157 158 159 160 161 162 163 164 165 166 167 168 169 170 171 172 173 174 175 176 177 178 179 180 181 182 183 184 185 186 187 188 189 190 191 192 193 194 195 196 197 198 199 200 201 202 203 204 205 206 207 208 209 210 211 212 213 214 215 216 217 218 219 220 221 222 223 224 225 226 227 228 229 230 231 232 233 234 235 236 237 238 239 240 241 242 243 244 245 246 247 248 249 250 251 252 253 254 255 256 257 258 259 260 261 262 263 264 265 266 267 268 269 270 271 272 273 274 275 276 277 278 279 280 281 282 283 284 285 286 287 288 289 290 291 292 293 294 295 296 297 298 299 300 301 302 303 304 305 306 307 308 309 310 311 312 313 314 315 316 317 318 319 320 321 322 323 324 325 326 327 328 329 330 331 332 333 334 335 336 337 338 339 340 341 342 343 344 345 346 347 348 349 350 351 352 353 354 355 356 357 358 359 360 361 362 363 364 365 366 367 368 369 370 371 372 373 374 375 376 377 378 379 380 381 382 383 384 385 386 387 388 389 390 391 392 393 394 395 396 397 398 399 400 401 402 403 404 405 406 407 408 409 410 411 412 413 414 415 416 417 418 419 420 421 422 423 424 425 426 427 428 429 430 431 432 433 434 435 436 437 438 439 440 441 442 443 444 445 446 447 448 449 450 451 452 453 454 455 456 457 458 459 460 461 462 463 464 465 466 467 468 469 470 471 472 473 474 475 476 477 478 479 480 481 482 483 484 485 486 487 488 489 490 491 492 493 494 495 496 497 498 499 500 501 502 503 504 505 506 507 508 509 510 511 512 513 514 515 516 517 518 519 520 521 522 523 524 525 526 527 528 529 530 531 532 533 534 535 536 537 538 539 540 541 542 543 544 545 546 547 548 549 550 551 552 553 554 555 556 557 558 559 560 561 562 563 564 565 566 567 568 569 570 571 572 573 574 575 576 577 578 579 580 581 582 583 584 585 586 587 588 589 590 591 592 593 594 595 596 597 598 599 600 601 602 603 604 605 606 607 608 609 610 611 612 613 614 615 616 617 618 619 620 621 622 623 624 625 626 627 628 629 630 631 632 633 634 635 636 637 638 639 640 641 642 643 644 645 646 647 648 649 650 651 652 653 654 655 656 657 658 659 660 661 662 663 664 665 666 667 668 669 670 671 672 673 674 675 676 677 678 679 680 681 682 683 684 685 686 687 688 689 690 691 692 693 694 695 696 697 698 699 700 701 702 703 704 705 706 707 708 709 710 711 712 713 714 715 716 717
 done.
 running RMSDs...
 done.
 E lowest :   -92.92212
 717 structures remain within     6.00 kcal/mol window
 
 input  file name : crest_rotamers_5.xyz
 output file name : crest_rotamers_6.xyz
 number of atoms                :   63
 number of points on xyz files  :   717
 RMSD threshold                 :   0.1250
 Bconst threshold               :   0.0100
 population threshold           :   0.0500
 conformer energy window  /kcal :   6.0000
 # fragment in coord            :     1
 # bonds in reference structure :    68
 number of reliable points      :   717
 reference state Etot :  -92.9221244500000
 number of doubles removed by rot/RMSD         :           0
 total number unique points considered further :         717
       Erel/kcal        Etot weight/tot  conformer     set   degen     origin
       1   0.000   -92.92212    0.00149    0.98010       1     661     gc
       2   0.000   -92.92212    0.00149                                gc
       3   0.000   -92.92212    0.00149                                gc
       4   0.000   -92.92212    0.00149                                gc
       5   0.000   -92.92212    0.00149                                gc
       6   0.000   -92.92212    0.00149                                gc
       7   0.000   -92.92212    0.00149                                gc
       8   0.000   -92.92212    0.00149                                gc
       9   0.000   -92.92212    0.00149                                gc
      10   0.000   -92.92212    0.00149                                gc
      11   0.000   -92.92212    0.00149                                gc
      12   0.000   -92.92212    0.00149                                gc
      13   0.000   -92.92212    0.00149                                gc
      14   0.000   -92.92212    0.00149                                gc
      15   0.000   -92.92212    0.00149                                gc
      16   0.000   -92.92212    0.00149                                gc
      17   0.000   -92.92212    0.00149                                gc
      18   0.000   -92.92212    0.00149                                gc
      19   0.000   -92.92212    0.00149                                gc
      20   0.000   -92.92212    0.00149                                gc
      21   0.000   -92.92212    0.00149                                gc
      22   0.000   -92.92212    0.00149                                gc
      23   0.000   -92.92212    0.00149                                gc
      24   0.000   -92.92212    0.00149                                gc
      25   0.000   -92.92212    0.00149                                gc
      26   0.000   -92.92212    0.00149                                gc
      27   0.000   -92.92212    0.00149                                gc
      28   0.000   -92.92212    0.00149                                gc
      29   0.000   -92.92212    0.00149                                gc
      30   0.000   -92.92212    0.00149                                gc
      31   0.000   -92.92212    0.00149                                gc
      32   0.000   -92.92212    0.00149                                gc
      33   0.000   -92.92212    0.00149                                gc
      34   0.000   -92.92212    0.00149                                gc
      35   0.000   -92.92212    0.00149                                gc
      36   0.000   -92.92212    0.00149                                gc
      37   0.000   -92.92212    0.00149                                gc
      38   0.000   -92.92212    0.00149                                gc
      39   0.000   -92.92212    0.00149                                gc
      40   0.000   -92.92212    0.00149                                gc
      41   0.000   -92.92212    0.00149                                gc
      42   0.000   -92.92212    0.00149                                gc
      43   0.000   -92.92212    0.00149                                gc
      44   0.000   -92.92212    0.00149                                gc
      45   0.000   -92.92212    0.00149                                gc
      46   0.000   -92.92212    0.00149                                gc
      47   0.000   -92.92212    0.00149                                gc
      48   0.000   -92.92212    0.00149                                gc
      49   0.000   -92.92212    0.00149                                gc
      50   0.000   -92.92212    0.00149                                gc
      51   0.000   -92.92212    0.00149                                gc
      52   0.000   -92.92212    0.00149                                gc
      53   0.000   -92.92212    0.00149                                gc
      54   0.000   -92.92212    0.00149                                gc
      55   0.000   -92.92212    0.00149                                gc
      56   0.000   -92.92212    0.00149                                gc
      57   0.000   -92.92212    0.00149                                gc
      58   0.000   -92.92212    0.00149                                gc
      59   0.000   -92.92212    0.00149                                gc
      60   0.000   -92.92212    0.00149                                gc
      61   0.000   -92.92212    0.00149                                gc
      62   0.000   -92.92212    0.00149                                gc
      63   0.000   -92.92212    0.00149                                gc
      64   0.000   -92.92212    0.00149                                gc
      65   0.000   -92.92212    0.00149                                gc
      66   0.000   -92.92212    0.00149                                gc
      67   0.000   -92.92212    0.00149                                gc
      68   0.000   -92.92212    0.00149                                gc
      69   0.000   -92.92212    0.00149                                gc
      70   0.000   -92.92212    0.00149                                gc
      71   0.000   -92.92212    0.00149                                gc
      72   0.000   -92.92212    0.00149                                gc
      73   0.000   -92.92212    0.00149                                gc
      74   0.000   -92.92212    0.00149                                mtd1
      75   0.000   -92.92212    0.00149                                gc
      76   0.000   -92.92212    0.00149                                gc
      77   0.000   -92.92212    0.00149                                mtd7
      78   0.000   -92.92212    0.00149                                gc
      79   0.000   -92.92212    0.00149                                gc
      80   0.000   -92.92212    0.00149                                gc
      81   0.000   -92.92212    0.00149                                mtd9
      82   0.000   -92.92212    0.00149                                gc
      83   0.000   -92.92212    0.00149                                gc
      84   0.000   -92.92212    0.00149                                gc
      85   0.000   -92.92212    0.00149                                gc
      86   0.000   -92.92212    0.00149                                gc
      87   0.000   -92.92212    0.00149                                gc
      88   0.000   -92.92212    0.00149                                gc
      89   0.000   -92.92212    0.00149                                gc
      90   0.000   -92.92212    0.00149                                gc
      91   0.000   -92.92212    0.00149                                gc
      92   0.000   -92.92212    0.00149                                gc
      93   0.000   -92.92212    0.00149                                mtd8
      94   0.000   -92.92212    0.00149                                gc
      95   0.000   -92.92212    0.00149                                gc
      96   0.000   -92.92212    0.00149                                gc
      97   0.000   -92.92212    0.00149                                gc
      98   0.000   -92.92212    0.00149                                gc
      99   0.000   -92.92212    0.00149                                gc
     100   0.000   -92.92212    0.00149                                mtd1
     101   0.000   -92.92212    0.00149                                gc
     102   0.000   -92.92212    0.00149                                gc
     103   0.000   -92.92212    0.00149                                gc
     104   0.000   -92.92212    0.00149                                mtd2
     105   0.000   -92.92212    0.00149                                gc
     106   0.000   -92.92212    0.00149                                gc
     107   0.000   -92.92212    0.00149                                gc
     108   0.000   -92.92212    0.00149                                gc
     109   0.000   -92.92212    0.00149                                gc
     110   0.000   -92.92212    0.00149                                gc
     111   0.000   -92.92212    0.00149                                gc
     112   0.000   -92.92212    0.00149                                gc
     113   0.000   -92.92212    0.00149                                gc
     114   0.000   -92.92212    0.00149                                gc
     115   0.000   -92.92212    0.00149                                gc
     116   0.000   -92.92212    0.00149                                gc
     117   0.000   -92.92212    0.00149                                gc
     118   0.000   -92.92212    0.00149                                gc
     119   0.000   -92.92212    0.00149                                gc
     120   0.000   -92.92212    0.00149                                gc
     121   0.000   -92.92212    0.00149                                gc
     122   0.000   -92.92212    0.00149                                gc
     123   0.000   -92.92212    0.00149                                gc
     124   0.000   -92.92212    0.00149                                gc
     125   0.000   -92.92212    0.00149                                gc
     126   0.000   -92.92212    0.00149                                gc
     127   0.000   -92.92212    0.00149                                gc
     128   0.000   -92.92212    0.00149                                gc
     129   0.000   -92.92212    0.00149                                gc
     130   0.000   -92.92212    0.00149                                gc
     131   0.000   -92.92212    0.00149                                gc
     132   0.000   -92.92212    0.00149                                gc
     133   0.000   -92.92212    0.00149                                gc
     134   0.000   -92.92212    0.00149                                gc
     135   0.000   -92.92212    0.00149                                gc
     136   0.000   -92.92212    0.00149                                gc
     137   0.000   -92.92212    0.00149                                gc
     138   0.000   -92.92212    0.00149                                gc
     139   0.000   -92.92212    0.00149                                gc
     140   0.000   -92.92212    0.00149                                gc
     141   0.000   -92.92212    0.00149                                mtd1
     142   0.000   -92.92212    0.00149                                gc
     143   0.000   -92.92212    0.00149                                gc
     144   0.000   -92.92212    0.00149                                gc
     145   0.000   -92.92212    0.00149                                gc
     146   0.000   -92.92212    0.00149                                gc
     147   0.000   -92.92212    0.00149                                gc
     148   0.000   -92.92212    0.00149                                gc
     149   0.000   -92.92212    0.00149                                gc
     150   0.000   -92.92212    0.00149                                gc
     151   0.000   -92.92212    0.00149                                gc
     152   0.000   -92.92212    0.00149                                gc
     153   0.000   -92.92212    0.00149                                gc
     154   0.000   -92.92212    0.00149                                gc
     155   0.000   -92.92212    0.00149                                gc
     156   0.000   -92.92212    0.00149                                gc
     157   0.000   -92.92212    0.00149                                gc
     158   0.000   -92.92212    0.00149                                gc
     159   0.000   -92.92212    0.00149                                gc
     160   0.000   -92.92212    0.00149                                mtd3
     161   0.000   -92.92212    0.00149                                gc
     162   0.000   -92.92212    0.00149                                gc
     163   0.000   -92.92212    0.00149                                gc
     164   0.000   -92.92212    0.00149                                gc
     165   0.000   -92.92212    0.00149                                gc
     166   0.000   -92.92212    0.00149                                mtd5
     167   0.000   -92.92212    0.00149                                gc
     168   0.000   -92.92212    0.00149                                gc
     169   0.000   -92.92212    0.00149                                gc
     170   0.000   -92.92212    0.00149                                gc
     171   0.000   -92.92212    0.00149                                gc
     172   0.000   -92.92212    0.00149                                gc
     173   0.000   -92.92212    0.00149                                gc
     174   0.000   -92.92212    0.00149                                gc
     175   0.000   -92.92212    0.00149                                mtd4
     176   0.000   -92.92212    0.00149                                mtd1
     177   0.000   -92.92212    0.00149                                gc
     178   0.000   -92.92212    0.00149                                gc
     179   0.000   -92.92212    0.00149                                gc
     180   0.000   -92.92212    0.00149                                gc
     181   0.000   -92.92212    0.00149                                gc
     182   0.000   -92.92212    0.00149                                mtd14
     183   0.000   -92.92212    0.00149                                gc
     184   0.000   -92.92212    0.00149                                gc
     185   0.000   -92.92212    0.00149                                gc
     186   0.000   -92.92212    0.00149                                gc
     187   0.000   -92.92212    0.00149                                gc
     188   0.000   -92.92212    0.00149                                gc
     189   0.000   -92.92212    0.00149                                gc
     190   0.000   -92.92212    0.00149                                gc
     191   0.000   -92.92212    0.00149                                gc
     192   0.000   -92.92212    0.00149                                gc
     193   0.000   -92.92212    0.00149                                gc
     194   0.000   -92.92212    0.00149                                gc
     195   0.000   -92.92212    0.00149                                mtd2
     196   0.000   -92.92212    0.00149                                gc
     197   0.000   -92.92212    0.00149                                gc
     198   0.000   -92.92212    0.00149                                gc
     199   0.000   -92.92212    0.00149                                gc
     200   0.000   -92.92212    0.00149                                gc
     201   0.000   -92.92212    0.00149                                gc
     202   0.000   -92.92212    0.00149                                gc
     203   0.001   -92.92212    0.00149                                gc
     204   0.001   -92.92212    0.00149                                gc
     205   0.001   -92.92212    0.00149                                gc
     206   0.001   -92.92212    0.00149                                gc
     207   0.001   -92.92212    0.00149                                gc
     208   0.001   -92.92212    0.00149                                gc
     209   0.001   -92.92212    0.00149                                mtd14
     210   0.001   -92.92212    0.00149                                gc
     211   0.001   -92.92212    0.00149                                gc
     212   0.001   -92.92212    0.00149                                mtd6
     213   0.001   -92.92212    0.00149                                gc
     214   0.001   -92.92212    0.00149                                gc
     215   0.001   -92.92212    0.00149                                mtd6
     216   0.001   -92.92212    0.00149                                gc
     217   0.001   -92.92212    0.00149                                gc
     218   0.001   -92.92212    0.00149                                gc
     219   0.001   -92.92212    0.00149                                gc
     220   0.001   -92.92212    0.00149                                mtd7
     221   0.001   -92.92212    0.00149                                gc
     222   0.001   -92.92212    0.00149                                gc
     223   0.001   -92.92212    0.00149                                gc
     224   0.001   -92.92212    0.00149                                gc
     225   0.001   -92.92212    0.00149                                gc
     226   0.001   -92.92212    0.00149                                gc
     227   0.001   -92.92212    0.00149                                gc
     228   0.001   -92.92212    0.00149                                gc
     229   0.001   -92.92212    0.00149                                md6
     230   0.001   -92.92212    0.00149                                gc
     231   0.001   -92.92212    0.00149                                gc
     232   0.001   -92.92212    0.00149                                mtd6
     233   0.001   -92.92212    0.00149                                gc
     234   0.001   -92.92212    0.00149                                gc
     235   0.001   -92.92212    0.00149                                gc
     236   0.001   -92.92212    0.00149                                gc
     237   0.001   -92.92212    0.00149                                gc
     238   0.001   -92.92212    0.00149                                gc
     239   0.001   -92.92212    0.00149                                gc
     240   0.001   -92.92212    0.00149                                gc
     241   0.001   -92.92212    0.00149                                gc
     242   0.001   -92.92212    0.00149                                gc
     243   0.001   -92.92212    0.00149                                gc
     244   0.001   -92.92212    0.00149                                gc
     245   0.001   -92.92212    0.00149                                gc
     246   0.001   -92.92212    0.00149                                gc
     247   0.001   -92.92212    0.00149                                gc
     248   0.001   -92.92212    0.00149                                gc
     249   0.001   -92.92212    0.00149                                gc
     250   0.001   -92.92212    0.00149                                gc
     251   0.001   -92.92212    0.00149                                gc
     252   0.001   -92.92212    0.00149                                mtd9
     253   0.001   -92.92212    0.00149                                gc
     254   0.001   -92.92212    0.00149                                gc
     255   0.001   -92.92212    0.00149                                mtd10
     256   0.001   -92.92212    0.00149                                gc
     257   0.001   -92.92212    0.00149                                gc
     258   0.001   -92.92212    0.00149                                gc
     259   0.001   -92.92212    0.00149                                gc
     260   0.001   -92.92212    0.00149                                gc
     261   0.001   -92.92212    0.00149                                gc
     262   0.001   -92.92212    0.00149                                gc
     263   0.001   -92.92212    0.00149                                gc
     264   0.001   -92.92212    0.00149                                gc
     265   0.001   -92.92212    0.00149                                gc
     266   0.001   -92.92212    0.00149                                mtd3
     267   0.001   -92.92212    0.00149                                mtd4
     268   0.001   -92.92212    0.00149                                gc
     269   0.001   -92.92212    0.00149                                gc
     270   0.001   -92.92212    0.00149                                mtd5
     271   0.001   -92.92212    0.00149                                mtd3
     272   0.001   -92.92212    0.00149                                mtd2
     273   0.001   -92.92212    0.00149                                mtd14
     274   0.001   -92.92212    0.00149                                gc
     275   0.001   -92.92212    0.00149                                gc
     276   0.001   -92.92212    0.00149                                gc
     277   0.001   -92.92212    0.00149                                gc
     278   0.001   -92.92212    0.00149                                gc
     279   0.001   -92.92212    0.00149                                gc
     280   0.001   -92.92212    0.00149                                mtd6
     281   0.001   -92.92212    0.00149                                gc
     282   0.001   -92.92212    0.00149                                gc
     283   0.001   -92.92212    0.00149                                gc
     284   0.001   -92.92212    0.00149                                mtd5
     285   0.001   -92.92212    0.00149                                gc
     286   0.001   -92.92212    0.00149                                gc
     287   0.001   -92.92212    0.00149                                gc
     288   0.001   -92.92212    0.00149                                gc
     289   0.001   -92.92212    0.00149                                gc
     290   0.001   -92.92212    0.00149                                gc
     291   0.001   -92.92212    0.00149                                mtd8
     292   0.001   -92.92212    0.00149                                gc
     293   0.001   -92.92212    0.00149                                gc
     294   0.001   -92.92212    0.00149                                mtd3
     295   0.001   -92.92212    0.00149                                gc
     296   0.001   -92.92212    0.00149                                gc
     297   0.001   -92.92212    0.00149                                mtd2
     298   0.001   -92.92212    0.00149                                mtd9
     299   0.001   -92.92212    0.00149                                gc
     300   0.001   -92.92212    0.00149                                gc
     301   0.001   -92.92212    0.00149                                gc
     302   0.001   -92.92212    0.00149                                gc
     303   0.001   -92.92212    0.00149                                mtd2
     304   0.001   -92.92212    0.00149                                mtd3
     305   0.001   -92.92212    0.00149                                gc
     306   0.001   -92.92212    0.00149                                gc
     307   0.001   -92.92212    0.00149                                gc
     308   0.001   -92.92212    0.00149                                gc
     309   0.001   -92.92212    0.00149                                gc
     310   0.001   -92.92212    0.00149                                gc
     311   0.001   -92.92212    0.00149                                gc
     312   0.001   -92.92212    0.00149                                gc
     313   0.001   -92.92212    0.00149                                gc
     314   0.001   -92.92212    0.00149                                gc
     315   0.001   -92.92212    0.00149                                mtd11
     316   0.001   -92.92212    0.00149                                gc
     317   0.001   -92.92212    0.00149                                gc
     318   0.001   -92.92212    0.00149                                gc
     319   0.001   -92.92212    0.00149                                gc
     320   0.001   -92.92212    0.00149                                md1
     321   0.001   -92.92212    0.00149                                gc
     322   0.001   -92.92212    0.00149                                mtd7
     323   0.001   -92.92212    0.00149                                gc
     324   0.001   -92.92212    0.00149                                md2
     325   0.001   -92.92212    0.00149                                gc
     326   0.001   -92.92212    0.00149                                mtd9
     327   0.001   -92.92212    0.00149                                gc
     328   0.001   -92.92212    0.00149                                gc
     329   0.001   -92.92212    0.00149                                mtd12
     330   0.001   -92.92212    0.00149                                gc
     331   0.001   -92.92212    0.00149                                gc
     332   0.001   -92.92212    0.00149                                gc
     333   0.001   -92.92212    0.00149                                md5
     334   0.001   -92.92212    0.00149                                gc
     335   0.001   -92.92212    0.00149                                gc
     336   0.001   -92.92212    0.00149                                gc
     337   0.001   -92.92212    0.00149                                gc
     338   0.001   -92.92212    0.00149                                gc
     339   0.001   -92.92212    0.00149                                gc
     340   0.001   -92.92212    0.00149                                gc
     341   0.001   -92.92212    0.00149                                gc
     342   0.001   -92.92212    0.00149                                gc
     343   0.001   -92.92212    0.00149                                gc
     344   0.001   -92.92212    0.00149                                gc
     345   0.001   -92.92212    0.00149                                gc
     346   0.001   -92.92212    0.00149                                gc
     347   0.001   -92.92212    0.00149                                mtd1
     348   0.001   -92.92212    0.00149                                gc
     349   0.001   -92.92212    0.00149                                mtd3
     350   0.001   -92.92212    0.00149                                gc
     351   0.001   -92.92212    0.00149                                gc
     352   0.001   -92.92212    0.00149                                mtd12
     353   0.001   -92.92212    0.00149                                mtd14
     354   0.001   -92.92212    0.00149                                gc
     355   0.001   -92.92212    0.00149                                gc
     356   0.001   -92.92212    0.00149                                gc
     357   0.001   -92.92212    0.00149                                gc
     358   0.001   -92.92212    0.00149                                gc
     359   0.001   -92.92212    0.00149                                gc
     360   0.001   -92.92212    0.00148                                gc
     361   0.001   -92.92212    0.00148                                gc
     362   0.001   -92.92212    0.00148                                gc
     363   0.001   -92.92212    0.00148                                mtd5
     364   0.001   -92.92212    0.00148                                gc
     365   0.001   -92.92212    0.00148                                gc
     366   0.001   -92.92212    0.00148                                gc
     367   0.001   -92.92212    0.00148                                mtd11
     368   0.001   -92.92212    0.00148                                gc
     369   0.001   -92.92212    0.00148                                gc
     370   0.001   -92.92212    0.00148                                gc
     371   0.001   -92.92212    0.00148                                gc
     372   0.001   -92.92212    0.00148                                gc
     373   0.001   -92.92212    0.00148                                gc
     374   0.001   -92.92212    0.00148                                gc
     375   0.001   -92.92212    0.00148                                gc
     376   0.001   -92.92212    0.00148                                gc
     377   0.001   -92.92212    0.00148                                gc
     378   0.001   -92.92212    0.00148                                gc
     379   0.001   -92.92212    0.00148                                mtd8
     380   0.001   -92.92212    0.00148                                gc
     381   0.001   -92.92212    0.00148                                gc
     382   0.001   -92.92212    0.00148                                gc
     383   0.001   -92.92212    0.00148                                gc
     384   0.001   -92.92212    0.00148                                mtd5
     385   0.001   -92.92212    0.00148                                gc
     386   0.001   -92.92212    0.00148                                mtd9
     387   0.001   -92.92212    0.00148                                gc
     388   0.001   -92.92212    0.00148                                gc
     389   0.001   -92.92212    0.00148                                gc
     390   0.002   -92.92212    0.00148                                gc
     391   0.002   -92.92212    0.00148                                gc
     392   0.002   -92.92212    0.00148                                gc
     393   0.002   -92.92212    0.00148                                gc
     394   0.002   -92.92212    0.00148                                gc
     395   0.002   -92.92212    0.00148                                gc
     396   0.002   -92.92212    0.00148                                gc
     397   0.002   -92.92212    0.00148                                mtd7
     398   0.002   -92.92212    0.00148                                gc
     399   0.002   -92.92212    0.00148                                gc
     400   0.002   -92.92212    0.00148                                gc
     401   0.002   -92.92212    0.00148                                gc
     402   0.002   -92.92212    0.00148                                gc
     403   0.002   -92.92212    0.00148                                gc
     404   0.002   -92.92212    0.00148                                gc
     405   0.002   -92.92212    0.00148                                gc
     406   0.002   -92.92212    0.00148                                gc
     407   0.002   -92.92212    0.00148                                gc
     408   0.002   -92.92212    0.00148                                mtd7
     409   0.002   -92.92212    0.00148                                gc
     410   0.002   -92.92212    0.00148                                gc
     411   0.002   -92.92212    0.00148                                mtd6
     412   0.002   -92.92212    0.00148                                gc
     413   0.002   -92.92212    0.00148                                mtd1
     414   0.002   -92.92212    0.00148                                gc
     415   0.002   -92.92212    0.00148                                md6
     416   0.002   -92.92212    0.00148                                gc
     417   0.002   -92.92212    0.00148                                gc
     418   0.002   -92.92212    0.00148                                mtd4
     419   0.002   -92.92212    0.00148                                gc
     420   0.002   -92.92212    0.00148                                gc
     421   0.002   -92.92212    0.00148                                mtd3
     422   0.002   -92.92212    0.00148                                gc
     423   0.002   -92.92212    0.00148                                mtd4
     424   0.002   -92.92212    0.00148                                mtd14
     425   0.002   -92.92212    0.00148                                gc
     426   0.002   -92.92212    0.00148                                gc
     427   0.002   -92.92212    0.00148                                gc
     428   0.002   -92.92212    0.00148                                mtd2
     429   0.002   -92.92212    0.00148                                gc
     430   0.002   -92.92212    0.00148                                gc
     431   0.002   -92.92212    0.00148                                gc
     432   0.002   -92.92212    0.00148                                gc
     433   0.002   -92.92212    0.00148                                gc
     434   0.002   -92.92212    0.00148                                mtd6
     435   0.002   -92.92212    0.00148                                gc
     436   0.002   -92.92212    0.00148                                gc
     437   0.002   -92.92212    0.00148                                gc
     438   0.002   -92.92212    0.00148                                gc
     439   0.002   -92.92212    0.00148                                gc
     440   0.002   -92.92212    0.00148                                gc
     441   0.002   -92.92212    0.00148                                gc
     442   0.002   -92.92212    0.00148                                gc
     443   0.002   -92.92212    0.00148                                gc
     444   0.002   -92.92212    0.00148                                gc
     445   0.002   -92.92212    0.00148                                mtd8
     446   0.002   -92.92212    0.00148                                gc
     447   0.002   -92.92212    0.00148                                gc
     448   0.002   -92.92212    0.00148                                gc
     449   0.002   -92.92212    0.00148                                mtd7
     450   0.002   -92.92212    0.00148                                gc
     451   0.002   -92.92212    0.00148                                gc
     452   0.002   -92.92212    0.00148                                gc
     453   0.002   -92.92212    0.00148                                gc
     454   0.002   -92.92212    0.00148                                gc
     455   0.002   -92.92212    0.00148                                mtd5
     456   0.002   -92.92212    0.00148                                gc
     457   0.002   -92.92212    0.00148                                gc
     458   0.002   -92.92212    0.00148                                gc
     459   0.002   -92.92212    0.00148                                gc
     460   0.002   -92.92212    0.00148                                gc
     461   0.002   -92.92212    0.00148                                gc
     462   0.002   -92.92212    0.00148                                mtd8
     463   0.002   -92.92212    0.00148                                gc
     464   0.002   -92.92212    0.00148                                gc
     465   0.002   -92.92212    0.00148                                gc
     466   0.002   -92.92212    0.00148                                mtd5
     467   0.002   -92.92212    0.00148                                gc
     468   0.002   -92.92212    0.00148                                mtd11
     469   0.002   -92.92212    0.00148                                gc
     470   0.002   -92.92212    0.00148                                gc
     471   0.002   -92.92212    0.00148                                gc
     472   0.002   -92.92212    0.00148                                gc
     473   0.002   -92.92212    0.00148                                gc
     474   0.002   -92.92212    0.00148                                gc
     475   0.002   -92.92212    0.00148                                gc
     476   0.002   -92.92212    0.00148                                mtd8
     477   0.002   -92.92212    0.00148                                mtd1
     478   0.002   -92.92212    0.00148                                gc
     479   0.002   -92.92212    0.00148                                mtd8
     480   0.002   -92.92212    0.00148                                gc
     481   0.002   -92.92212    0.00148                                mtd6
     482   0.002   -92.92212    0.00148                                gc
     483   0.002   -92.92212    0.00148                                mtd2
     484   0.002   -92.92212    0.00148                                gc
     485   0.002   -92.92212    0.00148                                gc
     486   0.002   -92.92212    0.00148                                mtd2
     487   0.002   -92.92212    0.00148                                gc
     488   0.002   -92.92212    0.00148                                mtd8
     489   0.003   -92.92212    0.00148                                mtd5
     490   0.003   -92.92212    0.00148                                mtd1
     491   0.003   -92.92212    0.00148                                gc
     492   0.003   -92.92212    0.00148                                gc
     493   0.003   -92.92212    0.00148                                gc
     494   0.003   -92.92212    0.00148                                gc
     495   0.003   -92.92212    0.00148                                gc
     496   0.003   -92.92212    0.00148                                gc
     497   0.003   -92.92212    0.00148                                gc
     498   0.003   -92.92212    0.00148                                mtd11
     499   0.003   -92.92212    0.00148                                mtd8
     500   0.003   -92.92212    0.00148                                mtd14
     501   0.003   -92.92212    0.00148                                mtd1
     502   0.003   -92.92212    0.00148                                gc
     503   0.003   -92.92212    0.00148                                gc
     504   0.003   -92.92212    0.00148                                gc
     505   0.003   -92.92212    0.00148                                mtd12
     506   0.003   -92.92212    0.00148                                gc
     507   0.003   -92.92212    0.00148                                gc
     508   0.003   -92.92212    0.00148                                mtd9
     509   0.003   -92.92212    0.00148                                gc
     510   0.003   -92.92212    0.00148                                gc
     511   0.003   -92.92212    0.00148                                mtd4
     512   0.003   -92.92212    0.00148                                mtd9
     513   0.003   -92.92212    0.00148                                md2
     514   0.003   -92.92212    0.00148                                gc
     515   0.003   -92.92212    0.00148                                gc
     516   0.003   -92.92212    0.00148                                gc
     517   0.003   -92.92212    0.00148                                mtd7
     518   0.003   -92.92212    0.00148                                gc
     519   0.003   -92.92212    0.00148                                gc
     520   0.003   -92.92212    0.00148                                gc
     521   0.003   -92.92212    0.00148                                gc
     522   0.003   -92.92212    0.00148                                mtd10
     523   0.003   -92.92212    0.00148                                mtd14
     524   0.003   -92.92212    0.00148                                mtd4
     525   0.003   -92.92212    0.00148                                gc
     526   0.003   -92.92212    0.00148                                gc
     527   0.003   -92.92212    0.00148                                gc
     528   0.003   -92.92212    0.00148                                gc
     529   0.003   -92.92212    0.00148                                mtd9
     530   0.003   -92.92212    0.00148                                gc
     531   0.003   -92.92212    0.00148                                mtd9
     532   0.003   -92.92212    0.00148                                gc
     533   0.003   -92.92212    0.00148                                mtd11
     534   0.003   -92.92212    0.00148                                mtd10
     535   0.003   -92.92212    0.00148                                mtd1
     536   0.003   -92.92212    0.00148                                gc
     537   0.003   -92.92212    0.00148                                mtd7
     538   0.004   -92.92212    0.00148                                mtd2
     539   0.004   -92.92212    0.00148                                gc
     540   0.004   -92.92212    0.00148                                mtd11
     541   0.004   -92.92212    0.00148                                gc
     542   0.004   -92.92212    0.00148                                gc
     543   0.004   -92.92212    0.00148                                mtd8
     544   0.004   -92.92212    0.00148                                mtd6
     545   0.004   -92.92212    0.00148                                mtd10
     546   0.004   -92.92212    0.00148                                gc
     547   0.004   -92.92212    0.00148                                mtd6
     548   0.004   -92.92212    0.00148                                gc
     549   0.004   -92.92212    0.00148                                gc
     550   0.004   -92.92212    0.00148                                gc
     551   0.004   -92.92212    0.00148                                mtd1
     552   0.004   -92.92212    0.00148                                mtd5
     553   0.004   -92.92212    0.00148                                gc
     554   0.004   -92.92212    0.00148                                gc
     555   0.004   -92.92212    0.00148                                gc
     556   0.004   -92.92212    0.00148                                gc
     557   0.004   -92.92212    0.00148                                gc
     558   0.004   -92.92212    0.00148                                md1
     559   0.004   -92.92212    0.00148                                mtd7
     560   0.004   -92.92212    0.00148                                mtd5
     561   0.004   -92.92212    0.00148                                gc
     562   0.004   -92.92212    0.00148                                gc
     563   0.004   -92.92212    0.00148                                mtd8
     564   0.004   -92.92212    0.00148                                mtd6
     565   0.004   -92.92212    0.00148                                gc
     566   0.004   -92.92212    0.00148                                gc
     567   0.004   -92.92212    0.00148                                gc
     568   0.004   -92.92212    0.00148                                gc
     569   0.004   -92.92212    0.00148                                gc
     570   0.004   -92.92212    0.00148                                mtd2
     571   0.005   -92.92212    0.00148                                mtd8
     572   0.005   -92.92212    0.00148                                gc
     573   0.005   -92.92212    0.00148                                gc
     574   0.005   -92.92212    0.00148                                gc
     575   0.005   -92.92212    0.00148                                gc
     576   0.005   -92.92212    0.00148                                gc
     577   0.005   -92.92212    0.00148                                mtd8
     578   0.005   -92.92212    0.00148                                mtd5
     579   0.005   -92.92212    0.00148                                mtd9
     580   0.005   -92.92212    0.00148                                mtd1
     581   0.005   -92.92212    0.00148                                gc
     582   0.005   -92.92212    0.00148                                gc
     583   0.005   -92.92212    0.00148                                gc
     584   0.005   -92.92212    0.00148                                mtd12
     585   0.005   -92.92212    0.00148                                gc
     586   0.005   -92.92212    0.00148                                gc
     587   0.005   -92.92212    0.00148                                mtd8
     588   0.005   -92.92212    0.00148                                mtd9
     589   0.005   -92.92212    0.00147                                mtd1
     590   0.005   -92.92212    0.00147                                mtd3
     591   0.006   -92.92212    0.00147                                gc
     592   0.006   -92.92212    0.00147                                gc
     593   0.006   -92.92212    0.00147                                mtd9
     594   0.006   -92.92212    0.00147                                mtd6
     595   0.006   -92.92212    0.00147                                gc
     596   0.006   -92.92211    0.00147                                gc
     597   0.006   -92.92211    0.00147                                mtd8
     598   0.006   -92.92211    0.00147                                mtd8
     599   0.006   -92.92211    0.00147                                mtd3
     600   0.006   -92.92211    0.00147                                gc
     601   0.006   -92.92211    0.00147                                mtd9
     602   0.007   -92.92211    0.00147                                mtd2
     603   0.007   -92.92211    0.00147                                gc
     604   0.007   -92.92211    0.00147                                mtd3
     605   0.007   -92.92211    0.00147                                mtd1
     606   0.007   -92.92211    0.00147                                gc
     607   0.007   -92.92211    0.00147                                gc
     608   0.007   -92.92211    0.00147                                mtd6
     609   0.007   -92.92211    0.00147                                mtd7
     610   0.007   -92.92211    0.00147                                mtd5
     611   0.007   -92.92211    0.00147                                mtd1
     612   0.007   -92.92211    0.00147                                gc
     613   0.007   -92.92211    0.00147                                mtd6
     614   0.007   -92.92211    0.00147                                mtd1
     615   0.007   -92.92211    0.00147                                mtd8
     616   0.008   -92.92211    0.00147                                gc
     617   0.008   -92.92211    0.00147                                gc
     618   0.008   -92.92211    0.00147                                mtd9
     619   0.008   -92.92211    0.00147                                gc
     620   0.008   -92.92211    0.00147                                mtd13
     621   0.008   -92.92211    0.00147                                mtd3
     622   0.008   -92.92211    0.00147                                mtd9
     623   0.008   -92.92211    0.00147                                gc
     624   0.008   -92.92211    0.00147                                gc
     625   0.009   -92.92211    0.00147                                mtd5
     626   0.009   -92.92211    0.00147                                mtd7
     627   0.009   -92.92211    0.00147                                mtd7
     628   0.009   -92.92211    0.00147                                gc
     629   0.009   -92.92211    0.00147                                gc
     630   0.009   -92.92211    0.00146                                gc
     631   0.009   -92.92211    0.00146                                mtd6
     632   0.009   -92.92211    0.00146                                mtd3
     633   0.010   -92.92211    0.00146                                mtd9
     634   0.010   -92.92211    0.00146                                mtd3
     635   0.010   -92.92211    0.00146                                mtd6
     636   0.010   -92.92211    0.00146                                mtd10
     637   0.010   -92.92211    0.00146                                mtd9
     638   0.010   -92.92211    0.00146                                mtd1
     639   0.010   -92.92211    0.00146                                gc
     640   0.010   -92.92211    0.00146                                mtd8
     641   0.011   -92.92211    0.00146                                mtd8
     642   0.011   -92.92211    0.00146                                mtd10
     643   0.011   -92.92211    0.00146                                mtd10
     644   0.012   -92.92211    0.00146                                mtd7
     645   0.012   -92.92211    0.00146                                gc
     646   0.012   -92.92211    0.00146                                mtd6
     647   0.012   -92.92211    0.00146                                mtd4
     648   0.012   -92.92211    0.00146                                mtd14
     649   0.013   -92.92210    0.00146                                mtd7
     650   0.013   -92.92210    0.00146                                mtd10
     651   0.013   -92.92210    0.00146                                gc
     652   0.013   -92.92210    0.00146                                mtd6
     653   0.013   -92.92210    0.00146                                mtd7
     654   0.014   -92.92210    0.00145                                mtd14
     655   0.014   -92.92210    0.00145                                mtd4
     656   0.015   -92.92210    0.00145                                mtd6
     657   0.016   -92.92210    0.00145                                mtd4
     658   0.016   -92.92210    0.00145                                mtd7
     659   0.017   -92.92210    0.00145                                mtd7
     660   0.017   -92.92210    0.00145                                mtd4
     661   0.018   -92.92210    0.00144                                mtd1
     662   0.805   -92.92084    0.00038    0.01981       2      52     mtd7
     663   0.806   -92.92084    0.00038                                mtd2
     664   0.806   -92.92084    0.00038                                mtd5
     665   0.806   -92.92084    0.00038                                mtd11
     666   0.806   -92.92084    0.00038                                mtd6
     667   0.806   -92.92084    0.00038                                mtd11
     668   0.806   -92.92084    0.00038                                mtd7
     669   0.806   -92.92084    0.00038                                mtd6
     670   0.806   -92.92084    0.00038                                md4
     671   0.806   -92.92084    0.00038                                mtd10
     672   0.806   -92.92084    0.00038                                md3
     673   0.806   -92.92084    0.00038                                mtd4
     674   0.806   -92.92084    0.00038                                mtd5
     675   0.806   -92.92084    0.00038                                md4
     676   0.806   -92.92084    0.00038                                mtd1
     677   0.806   -92.92084    0.00038                                mtd2
     678   0.807   -92.92084    0.00038                                md6
     679   0.807   -92.92084    0.00038                                mtd3
     680   0.807   -92.92084    0.00038                                md6
     681   0.807   -92.92084    0.00038                                mtd6
     682   0.807   -92.92084    0.00038                                md6
     683   0.807   -92.92084    0.00038                                mtd4
     684   0.807   -92.92084    0.00038                                mtd1
     685   0.807   -92.92084    0.00038                                mtd10
     686   0.807   -92.92084    0.00038                                mtd2
     687   0.807   -92.92084    0.00038                                mtd8
     688   0.807   -92.92084    0.00038                                mtd11
     689   0.807   -92.92084    0.00038                                mtd9
     690   0.807   -92.92084    0.00038                                md5
     691   0.807   -92.92084    0.00038                                mtd6
     692   0.807   -92.92084    0.00038                                md6
     693   0.807   -92.92084    0.00038                                mtd7
     694   0.808   -92.92084    0.00038                                mtd9
     695   0.808   -92.92084    0.00038                                mtd6
     696   0.808   -92.92084    0.00038                                md6
     697   0.808   -92.92084    0.00038                                mtd7
     698   0.808   -92.92084    0.00038                                md5
     699   0.809   -92.92084    0.00038                                mtd6
     700   0.809   -92.92084    0.00038                                mtd5
     701   0.809   -92.92084    0.00038                                mtd4
     702   0.809   -92.92084    0.00038                                md6
     703   0.809   -92.92083    0.00038                                mtd2
     704   0.810   -92.92083    0.00038                                mtd10
     705   0.810   -92.92083    0.00038                                mtd1
     706   0.812   -92.92083    0.00038                                mtd2
     707   0.812   -92.92083    0.00038                                md6
     708   0.812   -92.92083    0.00038                                mtd11
     709   0.813   -92.92083    0.00038                                mtd12
     710   0.813   -92.92083    0.00038                                mtd8
     711   0.815   -92.92083    0.00038                                mtd1
     712   0.818   -92.92082    0.00037                                mtd4
     713   0.818   -92.92082    0.00037                                mtd12
     714   2.520   -92.91811    0.00002    0.00008       3       4     md5
     715   2.522   -92.91811    0.00002                                md5
     716   2.522   -92.91810    0.00002                                mtd2
     717   2.522   -92.91810    0.00002                                mtd2
T /K                                  :   298.15
E lowest                              :   -92.92212
ensemble average energy (kcal)        :    0.018
ensemble entropy (J/mol K, cal/mol K) :   54.386   12.999
ensemble free energy (kcal/mol)       :   -3.876
population of lowest in %             :   98.010
 number of unique conformers for further calc            3
 list of relative energies saved as "crest.energies"
 
 -----------------
 Wall Time Summary
 -----------------
             test MD wall time :         0h : 0m :14s
                 MTD wall time :         0h :24m :54s
      multilevel OPT wall time :         0h :34m :41s
                  MD wall time :         0h :11m :14s
                  GC wall time :         0h : 4m :52s
--------------------
Overall wall time  : 1h :18m :36s
 
 CREST terminated normally.
